 > Problema: tomita2nueva
 > Args:
   - Hidden size: 12
   - Noise level: 0.0
   - Regu L1: 0.0
   - Shock: 0.0
data INPUT has 50001 characters, 3 unique.
data OUTPUT has 50001 characters, 2 unique.
Función de activación: TANH
 > Entrenando...
 >> iter 0, loss: 27.455168
   Number of active neurons: 0
 >> iter 1000, loss: 10.826459
 >> iter 2000, loss: 3.998228
 >> iter 3000, loss: 1.477945
 >> iter 4000, loss: 0.548252
 >> iter 5000, loss: 0.205247
 >> iter 6000, loss: 0.078208
 >> iter 7000, loss: 0.031109
 >> iter 8000, loss: 0.013332
 >> iter 9000, loss: 0.006618
 >> iter 10000, loss: 0.003871
   Number of active neurons: 10
 >> iter 11000, loss: 0.002768
 >> iter 12000, loss: 0.002171
 >> iter 13000, loss: 0.001901
 >> iter 14000, loss: 0.001658
 >> iter 15000, loss: 0.001546
 >> iter 16000, loss: 0.001387
 >> iter 17000, loss: 0.001319
 >> iter 18000, loss: 0.001199
 >> iter 19000, loss: 0.001152
 >> iter 20000, loss: 0.001056
   Number of active neurons: 10
 >> iter 21000, loss: 0.001023
 ----------- DONE -----------

 > Ejecucion 0:
   - Train: 0.0
   - Test - Long: 0.0
   - Test - Big: 0.0
   - Test - A: 0.0
   - Test - B: 0.0
data INPUT has 50001 characters, 3 unique.
data OUTPUT has 50001 characters, 2 unique.
Función de activación: TANH
 > Entrenando...
 >> iter 0, loss: 27.455173
   Number of active neurons: 0
 >> iter 1000, loss: 10.817728
 >> iter 2000, loss: 3.995365
 >> iter 3000, loss: 1.475987
 >> iter 4000, loss: 0.546951
 >> iter 5000, loss: 0.204390
 >> iter 6000, loss: 0.077588
 >> iter 7000, loss: 0.030647
 >> iter 8000, loss: 0.012964
 >> iter 9000, loss: 0.006317
 >> iter 10000, loss: 0.003616
   Number of active neurons: 11
 >> iter 11000, loss: 0.002547
 >> iter 12000, loss: 0.001979
 >> iter 13000, loss: 0.001727
 >> iter 14000, loss: 0.001506
 >> iter 15000, loss: 0.001406
 >> iter 16000, loss: 0.001260
 >> iter 17000, loss: 0.001201
 >> iter 18000, loss: 0.001092
 >> iter 19000, loss: 0.001051
 ----------- DONE -----------

 > Ejecucion 1:
   - Train: 0.0
   - Test - Long: 0.0
   - Test - Big: 0.0
   - Test - A: 0.0
   - Test - B: 0.0
data INPUT has 50001 characters, 3 unique.
data OUTPUT has 50001 characters, 2 unique.
Función de activación: TANH
 > Entrenando...
 >> iter 0, loss: 27.455173
   Number of active neurons: 0
 >> iter 1000, loss: 10.801802
 >> iter 2000, loss: 3.986910
 >> iter 3000, loss: 1.472962
 >> iter 4000, loss: 0.546030
 >> iter 5000, loss: 0.204136
 >> iter 6000, loss: 0.077630
 >> iter 7000, loss: 0.030732
 >> iter 8000, loss: 0.013093
 >> iter 9000, loss: 0.006420
 >> iter 10000, loss: 0.003729
   Number of active neurons: 11
 >> iter 11000, loss: 0.002635
 >> iter 12000, loss: 0.002072
 >> iter 13000, loss: 0.001801
 >> iter 14000, loss: 0.001582
 >> iter 15000, loss: 0.001467
 >> iter 16000, loss: 0.001326
 >> iter 17000, loss: 0.001253
 >> iter 18000, loss: 0.001148
 >> iter 19000, loss: 0.001097
 >> iter 20000, loss: 0.001013
   Number of active neurons: 11
 ----------- DONE -----------

 > Ejecucion 2:
   - Train: 0.0
   - Test - Long: 0.0
   - Test - Big: 0.0
   - Test - A: 0.0
   - Test - B: 0.0
data INPUT has 50001 characters, 3 unique.
data OUTPUT has 50001 characters, 2 unique.
Función de activación: TANH
 > Entrenando...
 >> iter 0, loss: 27.455175
   Number of active neurons: 0
 >> iter 1000, loss: 10.792242
 >> iter 2000, loss: 3.983905
 >> iter 3000, loss: 1.472401
 >> iter 4000, loss: 0.545811
 >> iter 5000, loss: 0.204143
 >> iter 6000, loss: 0.077557
 >> iter 7000, loss: 0.030701
 >> iter 8000, loss: 0.013003
 >> iter 9000, loss: 0.006360
 >> iter 10000, loss: 0.003636
   Number of active neurons: 9
 >> iter 11000, loss: 0.002566
 >> iter 12000, loss: 0.001984
 >> iter 13000, loss: 0.001733
 >> iter 14000, loss: 0.001503
 >> iter 15000, loss: 0.001406
 >> iter 16000, loss: 0.001254
 >> iter 17000, loss: 0.001197
 >> iter 18000, loss: 0.001083
 >> iter 19000, loss: 0.001046
 ----------- DONE -----------

 > Ejecucion 3:
   - Train: 0.0
   - Test - Long: 0.0
   - Test - Big: 0.0
   - Test - A: 0.0
   - Test - B: 0.0
data INPUT has 50001 characters, 3 unique.
data OUTPUT has 50001 characters, 2 unique.
Función de activación: TANH
 > Entrenando...
 >> iter 0, loss: 27.455177
   Number of active neurons: 0
 >> iter 1000, loss: 10.784835
 >> iter 2000, loss: 3.982006
 >> iter 3000, loss: 1.472154
 >> iter 4000, loss: 0.546280
 >> iter 5000, loss: 0.204721
 >> iter 6000, loss: 0.078175
 >> iter 7000, loss: 0.031257
 >> iter 8000, loss: 0.013521
 >> iter 9000, loss: 0.006820
 >> iter 10000, loss: 0.004059
   Number of active neurons: 8
 >> iter 11000, loss: 0.002949
 >> iter 12000, loss: 0.002335
 >> iter 13000, loss: 0.002057
 >> iter 14000, loss: 0.001802
 >> iter 15000, loss: 0.001681
 >> iter 16000, loss: 0.001513
 >> iter 17000, loss: 0.001438
 >> iter 18000, loss: 0.001311
 >> iter 19000, loss: 0.001260
 >> iter 20000, loss: 0.001158
   Number of active neurons: 7
 >> iter 21000, loss: 0.001120
 >> iter 22000, loss: 0.001036
 >> iter 23000, loss: 0.001007
 ----------- DONE -----------

 > Ejecucion 4:
   - Train: 0.0
   - Test - Long: 0.0
   - Test - Big: 0.0
   - Test - A: 0.0
   - Test - B: 0.0
data INPUT has 50001 characters, 3 unique.
data OUTPUT has 50001 characters, 2 unique.
Función de activación: TANH
 > Entrenando...
 >> iter 0, loss: 27.455168
   Number of active neurons: 0
 >> iter 1000, loss: 10.783227
 >> iter 2000, loss: 3.981995
 >> iter 3000, loss: 1.472246
 >> iter 4000, loss: 0.546501
 >> iter 5000, loss: 0.204882
 >> iter 6000, loss: 0.078362
 >> iter 7000, loss: 0.031393
 >> iter 8000, loss: 0.013669
 >> iter 9000, loss: 0.006931
 >> iter 10000, loss: 0.004178
   Number of active neurons: 10
 >> iter 11000, loss: 0.003041
 >> iter 12000, loss: 0.002435
 >> iter 13000, loss: 0.002137
 >> iter 14000, loss: 0.001886
 >> iter 15000, loss: 0.001751
 >> iter 16000, loss: 0.001587
 >> iter 17000, loss: 0.001501
 >> iter 18000, loss: 0.001377
 >> iter 19000, loss: 0.001316
 >> iter 20000, loss: 0.001216
   Number of active neurons: 10
 >> iter 21000, loss: 0.001171
 >> iter 22000, loss: 0.001088
 >> iter 23000, loss: 0.001054
 ----------- DONE -----------

 > Ejecucion 5:
   - Train: 0.0
   - Test - Long: 0.0
   - Test - Big: 0.0
   - Test - A: 0.0
   - Test - B: 0.0
data INPUT has 50001 characters, 3 unique.
data OUTPUT has 50001 characters, 2 unique.
Función de activación: TANH
 > Entrenando...
 >> iter 0, loss: 27.455172
   Number of active neurons: 0
 >> iter 1000, loss: 10.742734
 >> iter 2000, loss: 3.967772
 >> iter 3000, loss: 1.467528
 >> iter 4000, loss: 0.544819
 >> iter 5000, loss: 0.204388
 >> iter 6000, loss: 0.078131
 >> iter 7000, loss: 0.031334
 >> iter 8000, loss: 0.013578
 >> iter 9000, loss: 0.006889
 >> iter 10000, loss: 0.004092
   Number of active neurons: 10
 >> iter 11000, loss: 0.002988
 >> iter 12000, loss: 0.002349
 >> iter 13000, loss: 0.002078
 >> iter 14000, loss: 0.001805
 >> iter 15000, loss: 0.001693
 >> iter 16000, loss: 0.001510
 >> iter 17000, loss: 0.001444
 >> iter 18000, loss: 0.001306
 >> iter 19000, loss: 0.001261
 >> iter 20000, loss: 0.001151
   Number of active neurons: 10
 >> iter 21000, loss: 0.001119
 >> iter 22000, loss: 0.001027
 >> iter 23000, loss: 0.001005
 ----------- DONE -----------

 > Ejecucion 6:
   - Train: 0.0
   - Test - Long: 0.0
   - Test - Big: 0.0
   - Test - A: 0.0
   - Test - B: 0.0
data INPUT has 50001 characters, 3 unique.
data OUTPUT has 50001 characters, 2 unique.
Función de activación: TANH
 > Entrenando...
 >> iter 0, loss: 27.455170
   Number of active neurons: 0
 >> iter 1000, loss: 10.836868
 >> iter 2000, loss: 4.002196
 >> iter 3000, loss: 1.479749
 >> iter 4000, loss: 0.548982
 >> iter 5000, loss: 0.205652
 >> iter 6000, loss: 0.078363
 >> iter 7000, loss: 0.031232
 >> iter 8000, loss: 0.013364
 >> iter 9000, loss: 0.006664
 >> iter 10000, loss: 0.003865
   Number of active neurons: 9
 >> iter 11000, loss: 0.002783
 >> iter 12000, loss: 0.002153
 >> iter 13000, loss: 0.001901
 >> iter 14000, loss: 0.001634
 >> iter 15000, loss: 0.001540
 >> iter 16000, loss: 0.001359
 >> iter 17000, loss: 0.001307
 >> iter 18000, loss: 0.001170
 >> iter 19000, loss: 0.001138
 >> iter 20000, loss: 0.001027
   Number of active neurons: 9
 ----------- DONE -----------

 > Ejecucion 7:
   - Train: 0.0
   - Test - Long: 0.0
   - Test - Big: 0.0
   - Test - A: 0.0
   - Test - B: 0.0
data INPUT has 50001 characters, 3 unique.
data OUTPUT has 50001 characters, 2 unique.
Función de activación: TANH
 > Entrenando...
 >> iter 0, loss: 27.455170
   Number of active neurons: 0
 >> iter 1000, loss: 10.837916
 >> iter 2000, loss: 4.004076
 >> iter 3000, loss: 1.478816
 >> iter 4000, loss: 0.547868
 >> iter 5000, loss: 0.204599
 >> iter 6000, loss: 0.077618
 >> iter 7000, loss: 0.030593
 >> iter 8000, loss: 0.012918
 >> iter 9000, loss: 0.006258
 >> iter 10000, loss: 0.003577
   Number of active neurons: 12
 >> iter 11000, loss: 0.002502
 >> iter 12000, loss: 0.001950
 >> iter 13000, loss: 0.001692
 >> iter 14000, loss: 0.001482
 >> iter 15000, loss: 0.001380
 >> iter 16000, loss: 0.001240
 >> iter 17000, loss: 0.001179
 >> iter 18000, loss: 0.001074
 >> iter 19000, loss: 0.001032
 ----------- DONE -----------

 > Ejecucion 8:
   - Train: 0.0
   - Test - Long: 0.0
   - Test - Big: 0.0
   - Test - A: 0.0
   - Test - B: 0.0
data INPUT has 50001 characters, 3 unique.
data OUTPUT has 50001 characters, 2 unique.
Función de activación: TANH
 > Entrenando...
 >> iter 0, loss: 27.455169
   Number of active neurons: 0
 >> iter 1000, loss: 10.818749
 >> iter 2000, loss: 3.994552
 >> iter 3000, loss: 1.476273
 >> iter 4000, loss: 0.547486
 >> iter 5000, loss: 0.204875
 >> iter 6000, loss: 0.078021
 >> iter 7000, loss: 0.030994
 >> iter 8000, loss: 0.013267
 >> iter 9000, loss: 0.006566
 >> iter 10000, loss: 0.003839
   Number of active neurons: 12
 >> iter 11000, loss: 0.002737
 >> iter 12000, loss: 0.002153
 >> iter 13000, loss: 0.001879
 >> iter 14000, loss: 0.001647
 >> iter 15000, loss: 0.001531
 >> iter 16000, loss: 0.001379
 >> iter 17000, loss: 0.001307
 >> iter 18000, loss: 0.001193
 >> iter 19000, loss: 0.001143
 >> iter 20000, loss: 0.001052
   Number of active neurons: 12
 >> iter 21000, loss: 0.001015
 ----------- DONE -----------

 > Ejecucion 9:
   - Train: 0.0
   - Test - Long: 0.0
   - Test - Big: 0.0
   - Test - A: 0.0
   - Test - B: 0.0
data INPUT has 50001 characters, 3 unique.
data OUTPUT has 50001 characters, 2 unique.
Función de activación: TANH
 > Entrenando...
 >> iter 0, loss: 27.455170
   Number of active neurons: 0
 >> iter 1000, loss: 10.852057
 >> iter 2000, loss: 4.006932
 >> iter 3000, loss: 1.480463
 >> iter 4000, loss: 0.548681
 >> iter 5000, loss: 0.205031
 >> iter 6000, loss: 0.077836
 >> iter 7000, loss: 0.030719
 >> iter 8000, loss: 0.012984
 >> iter 9000, loss: 0.006301
 >> iter 10000, loss: 0.003598
   Number of active neurons: 11
 >> iter 11000, loss: 0.002517
 >> iter 12000, loss: 0.001955
 >> iter 13000, loss: 0.001696
 >> iter 14000, loss: 0.001480
 >> iter 15000, loss: 0.001377
 >> iter 16000, loss: 0.001236
 >> iter 17000, loss: 0.001173
 >> iter 18000, loss: 0.001068
 >> iter 19000, loss: 0.001025
 ----------- DONE -----------

 > Ejecucion 10:
   - Train: 0.0
   - Test - Long: 0.0
   - Test - Big: 0.0
   - Test - A: 0.0
   - Test - B: 0.0
data INPUT has 50001 characters, 3 unique.
data OUTPUT has 50001 characters, 2 unique.
Función de activación: TANH
 > Entrenando...
 >> iter 0, loss: 27.455167
   Number of active neurons: 0
 >> iter 1000, loss: 10.800107
 >> iter 2000, loss: 3.987973
 >> iter 3000, loss: 1.474028
 >> iter 4000, loss: 0.546522
 >> iter 5000, loss: 0.204504
 >> iter 6000, loss: 0.077744
 >> iter 7000, loss: 0.030849
 >> iter 8000, loss: 0.013096
 >> iter 9000, loss: 0.006454
 >> iter 10000, loss: 0.003699
   Number of active neurons: 10
 >> iter 11000, loss: 0.002636
 >> iter 12000, loss: 0.002031
 >> iter 13000, loss: 0.001788
 >> iter 14000, loss: 0.001539
 >> iter 15000, loss: 0.001450
 >> iter 16000, loss: 0.001282
 >> iter 17000, loss: 0.001233
 >> iter 18000, loss: 0.001106
 >> iter 19000, loss: 0.001075
 ----------- DONE -----------

 > Ejecucion 11:
   - Train: 0.0
   - Test - Long: 0.0
   - Test - Big: 0.0
   - Test - A: 0.0
   - Test - B: 0.0
data INPUT has 50001 characters, 3 unique.
data OUTPUT has 50001 characters, 2 unique.
Función de activación: TANH
 > Entrenando...
 >> iter 0, loss: 27.455174
   Number of active neurons: 0
 >> iter 1000, loss: 10.849490
 >> iter 2000, loss: 4.007430
 >> iter 3000, loss: 1.481280
 >> iter 4000, loss: 0.549100
 >> iter 5000, loss: 0.205456
 >> iter 6000, loss: 0.078030
 >> iter 7000, loss: 0.030961
 >> iter 8000, loss: 0.013088
 >> iter 9000, loss: 0.006459
 >> iter 10000, loss: 0.003660
   Number of active neurons: 11
 >> iter 11000, loss: 0.002629
 >> iter 12000, loss: 0.001993
 >> iter 13000, loss: 0.001778
 >> iter 14000, loss: 0.001503
 >> iter 15000, loss: 0.001441
 >> iter 16000, loss: 0.001249
 >> iter 17000, loss: 0.001223
 >> iter 18000, loss: 0.001075
 >> iter 19000, loss: 0.001064
 ----------- DONE -----------

 > Ejecucion 12:
   - Train: 0.0
   - Test - Long: 0.0
   - Test - Big: 0.0
   - Test - A: 0.0
   - Test - B: 0.0
data INPUT has 50001 characters, 3 unique.
data OUTPUT has 50001 characters, 2 unique.
Función de activación: TANH
 > Entrenando...
 >> iter 0, loss: 27.455171
   Number of active neurons: 0
 >> iter 1000, loss: 10.841475
 >> iter 2000, loss: 4.003281
 >> iter 3000, loss: 1.479838
 >> iter 4000, loss: 0.548936
 >> iter 5000, loss: 0.205526
 >> iter 6000, loss: 0.078303
 >> iter 7000, loss: 0.031157
 >> iter 8000, loss: 0.013339
 >> iter 9000, loss: 0.006627
 >> iter 10000, loss: 0.003862
   Number of active neurons: 11
 >> iter 11000, loss: 0.002767
 >> iter 12000, loss: 0.002159
 >> iter 13000, loss: 0.001896
 >> iter 14000, loss: 0.001645
 >> iter 15000, loss: 0.001540
 >> iter 16000, loss: 0.001373
 >> iter 17000, loss: 0.001312
 >> iter 18000, loss: 0.001185
 >> iter 19000, loss: 0.001145
 >> iter 20000, loss: 0.001043
   Number of active neurons: 11
 >> iter 21000, loss: 0.001016
 ----------- DONE -----------

 > Ejecucion 13:
   - Train: 0.0
   - Test - Long: 0.0
   - Test - Big: 0.0
   - Test - A: 0.0
   - Test - B: 0.0
data INPUT has 50001 characters, 3 unique.
data OUTPUT has 50001 characters, 2 unique.
Función de activación: TANH
 > Entrenando...
 >> iter 0, loss: 27.455171
   Number of active neurons: 0
 >> iter 1000, loss: 10.761780
 >> iter 2000, loss: 3.973546
 >> iter 3000, loss: 1.468987
 >> iter 4000, loss: 0.545061
 >> iter 5000, loss: 0.204245
 >> iter 6000, loss: 0.077953
 >> iter 7000, loss: 0.031148
 >> iter 8000, loss: 0.013441
 >> iter 9000, loss: 0.006763
 >> iter 10000, loss: 0.004002
   Number of active neurons: 9
 >> iter 11000, loss: 0.002902
 >> iter 12000, loss: 0.002287
 >> iter 13000, loss: 0.002015
 >> iter 14000, loss: 0.001758
 >> iter 15000, loss: 0.001645
 >> iter 16000, loss: 0.001473
 >> iter 17000, loss: 0.001405
 >> iter 18000, loss: 0.001275
 >> iter 19000, loss: 0.001229
 >> iter 20000, loss: 0.001125
   Number of active neurons: 9
 >> iter 21000, loss: 0.001092
 >> iter 22000, loss: 0.001005
 ----------- DONE -----------

 > Ejecucion 14:
   - Train: 0.0
   - Test - Long: 0.0
   - Test - Big: 0.0
   - Test - A: 0.0
   - Test - B: 0.0
data INPUT has 50001 characters, 3 unique.
data OUTPUT has 50001 characters, 2 unique.
Función de activación: TANH
 > Entrenando...
 >> iter 0, loss: 27.455171
   Number of active neurons: 0
 >> iter 1000, loss: 10.812539
 >> iter 2000, loss: 3.991046
 >> iter 3000, loss: 1.474652
 >> iter 4000, loss: 0.546649
 >> iter 5000, loss: 0.204433
 >> iter 6000, loss: 0.077725
 >> iter 7000, loss: 0.030807
 >> iter 8000, loss: 0.013106
 >> iter 9000, loss: 0.006453
 >> iter 10000, loss: 0.003727
   Number of active neurons: 9
 >> iter 11000, loss: 0.002656
 >> iter 12000, loss: 0.002066
 >> iter 13000, loss: 0.001816
 >> iter 14000, loss: 0.001576
 >> iter 15000, loss: 0.001480
 >> iter 16000, loss: 0.001319
 >> iter 17000, loss: 0.001264
 >> iter 18000, loss: 0.001141
 >> iter 19000, loss: 0.001106
 >> iter 20000, loss: 0.001006
   Number of active neurons: 9
 ----------- DONE -----------

 > Ejecucion 15:
   - Train: 0.0
   - Test - Long: 0.0
   - Test - Big: 0.0
   - Test - A: 0.0
   - Test - B: 0.0
data INPUT has 50001 characters, 3 unique.
data OUTPUT has 50001 characters, 2 unique.
Función de activación: TANH
 > Entrenando...
 >> iter 0, loss: 27.455170
   Number of active neurons: 0
 >> iter 1000, loss: 10.745405
 >> iter 2000, loss: 3.967293
 >> iter 3000, loss: 1.466467
 >> iter 4000, loss: 0.543724
 >> iter 5000, loss: 0.203483
 >> iter 6000, loss: 0.077370
 >> iter 7000, loss: 0.030711
 >> iter 8000, loss: 0.013050
 >> iter 9000, loss: 0.006438
 >> iter 10000, loss: 0.003699
   Number of active neurons: 10
 >> iter 11000, loss: 0.002639
 >> iter 12000, loss: 0.002039
 >> iter 13000, loss: 0.001795
 >> iter 14000, loss: 0.001550
 >> iter 15000, loss: 0.001457
 >> iter 16000, loss: 0.001294
 >> iter 17000, loss: 0.001241
 >> iter 18000, loss: 0.001119
 >> iter 19000, loss: 0.001084
 ----------- DONE -----------

 > Ejecucion 16:
   - Train: 0.0
   - Test - Long: 0.0
   - Test - Big: 0.0
   - Test - A: 0.0
   - Test - B: 0.0
data INPUT has 50001 characters, 3 unique.
data OUTPUT has 50001 characters, 2 unique.
Función de activación: TANH
 > Entrenando...
 >> iter 0, loss: 27.455164
   Number of active neurons: 0
 >> iter 1000, loss: 10.719782
 >> iter 2000, loss: 3.956358
 >> iter 3000, loss: 1.462068
 >> iter 4000, loss: 0.542241
 >> iter 5000, loss: 0.202978
 >> iter 6000, loss: 0.077368
 >> iter 7000, loss: 0.030803
 >> iter 8000, loss: 0.013246
 >> iter 9000, loss: 0.006607
 >> iter 10000, loss: 0.003901
   Number of active neurons: 9
 >> iter 11000, loss: 0.002804
 >> iter 12000, loss: 0.002221
 >> iter 13000, loss: 0.001945
 >> iter 14000, loss: 0.001711
 >> iter 15000, loss: 0.001591
 >> iter 16000, loss: 0.001438
 >> iter 17000, loss: 0.001362
 >> iter 18000, loss: 0.001247
 >> iter 19000, loss: 0.001194
 >> iter 20000, loss: 0.001102
   Number of active neurons: 9
 >> iter 21000, loss: 0.001062
 ----------- DONE -----------

 > Ejecucion 17:
   - Train: 0.0
   - Test - Long: 0.0
   - Test - Big: 0.0
   - Test - A: 0.0
   - Test - B: 0.0
data INPUT has 50001 characters, 3 unique.
data OUTPUT has 50001 characters, 2 unique.
Función de activación: TANH
 > Entrenando...
 >> iter 0, loss: 27.455176
   Number of active neurons: 0
 >> iter 1000, loss: 10.868107
 >> iter 2000, loss: 4.012080
 >> iter 3000, loss: 1.482288
 >> iter 4000, loss: 0.549463
 >> iter 5000, loss: 0.205389
 >> iter 6000, loss: 0.078074
 >> iter 7000, loss: 0.030880
 >> iter 8000, loss: 0.013132
 >> iter 9000, loss: 0.006423
 >> iter 10000, loss: 0.003718
   Number of active neurons: 10
 >> iter 11000, loss: 0.002622
 >> iter 12000, loss: 0.002058
 >> iter 13000, loss: 0.001789
 >> iter 14000, loss: 0.001571
 >> iter 15000, loss: 0.001456
 >> iter 16000, loss: 0.001317
 >> iter 17000, loss: 0.001245
 >> iter 18000, loss: 0.001142
 >> iter 19000, loss: 0.001091
 >> iter 20000, loss: 0.001009
   Number of active neurons: 11
 ----------- DONE -----------

 > Ejecucion 18:
   - Train: 0.0
   - Test - Long: 0.0
   - Test - Big: 0.0
   - Test - A: 0.0
   - Test - B: 0.0
data INPUT has 50001 characters, 3 unique.
data OUTPUT has 50001 characters, 2 unique.
Función de activación: TANH
 > Entrenando...
 >> iter 0, loss: 27.455171
   Number of active neurons: 0
 >> iter 1000, loss: 10.841631
 >> iter 2000, loss: 4.004751
 >> iter 3000, loss: 1.480916
 >> iter 4000, loss: 0.549708
 >> iter 5000, loss: 0.206065
 >> iter 6000, loss: 0.078730
 >> iter 7000, loss: 0.031484
 >> iter 8000, loss: 0.013625
 >> iter 9000, loss: 0.006862
 >> iter 10000, loss: 0.004079
   Number of active neurons: 10
 >> iter 11000, loss: 0.002953
 >> iter 12000, loss: 0.002335
 >> iter 13000, loss: 0.002052
 >> iter 14000, loss: 0.001795
 >> iter 15000, loss: 0.001672
 >> iter 16000, loss: 0.001504
 >> iter 17000, loss: 0.001428
 >> iter 18000, loss: 0.001302
 >> iter 19000, loss: 0.001249
 >> iter 20000, loss: 0.001149
   Number of active neurons: 10
 >> iter 21000, loss: 0.001110
 >> iter 22000, loss: 0.001026
 ----------- DONE -----------

 > Ejecucion 19:
   - Train: 0.0
   - Test - Long: 0.0
   - Test - Big: 0.0
   - Test - A: 0.0
   - Test - B: 0.0

 > Terminadas 20 ejecuciones...

---------------------------------------- TERMINADO OK ----------------------------------------

