 > Problema: tomita1nueva
 > Args:
   - Hidden size: 12
   - Noise level: 0.0
   - Regu L1: 0.0
   - Shock: 0.0
data INPUT has 50001 characters, 3 unique.
data OUTPUT has 50001 characters, 2 unique.
Función de activación: TANH
 > Entrenando...
 >> iter 0, loss: 27.455173
   Number of active neurons: 0
 >> iter 1000, loss: 10.725186
 >> iter 2000, loss: 3.952145
 >> iter 3000, loss: 1.457772
 >> iter 4000, loss: 0.539016
 >> iter 5000, loss: 0.200516
 >> iter 6000, loss: 0.075536
 >> iter 7000, loss: 0.029320
 >> iter 8000, loss: 0.012066
 >> iter 9000, loss: 0.005591
 >> iter 10000, loss: 0.003049
   Number of active neurons: 9
 >> iter 11000, loss: 0.002040
 >> iter 12000, loss: 0.001558
 >> iter 13000, loss: 0.001336
 >> iter 14000, loss: 0.001171
 >> iter 15000, loss: 0.001081
 ----------- DONE -----------

 > Ejecucion 0:
   - Train: 0.0
   - Test - Long: 0.0
   - Test - Big: 0.0
   - Test - A: 0.0
   - Test - B: 0.0
data INPUT has 50001 characters, 3 unique.
data OUTPUT has 50001 characters, 2 unique.
Función de activación: TANH
 > Entrenando...
 >> iter 0, loss: 27.455168
   Number of active neurons: 0
 >> iter 1000, loss: 10.653746
 >> iter 2000, loss: 3.926339
 >> iter 3000, loss: 1.448587
 >> iter 4000, loss: 0.535845
 >> iter 5000, loss: 0.199512
 >> iter 6000, loss: 0.075292
 >> iter 7000, loss: 0.029338
 >> iter 8000, loss: 0.012161
 >> iter 9000, loss: 0.005706
 >> iter 10000, loss: 0.003159
   Number of active neurons: 7
 >> iter 11000, loss: 0.002144
 >> iter 12000, loss: 0.001650
 >> iter 13000, loss: 0.001421
 >> iter 14000, loss: 0.001247
 >> iter 15000, loss: 0.001153
 >> iter 16000, loss: 0.001049
 ----------- DONE -----------

 > Ejecucion 1:
   - Train: 0.0
   - Test - Long: 0.0
   - Test - Big: 0.0
   - Test - A: 0.0
   - Test - B: 0.0
data INPUT has 50001 characters, 3 unique.
data OUTPUT has 50001 characters, 2 unique.
Función de activación: TANH
 > Entrenando...
 >> iter 0, loss: 27.455170
   Number of active neurons: 0
 >> iter 1000, loss: 10.685748
 >> iter 2000, loss: 3.937567
 >> iter 3000, loss: 1.452377
 >> iter 4000, loss: 0.537010
 >> iter 5000, loss: 0.199759
 >> iter 6000, loss: 0.075242
 >> iter 7000, loss: 0.029197
 >> iter 8000, loss: 0.012007
 >> iter 9000, loss: 0.005557
 >> iter 10000, loss: 0.003025
   Number of active neurons: 12
 >> iter 11000, loss: 0.002021
 >> iter 12000, loss: 0.001541
 >> iter 13000, loss: 0.001320
 >> iter 14000, loss: 0.001156
 >> iter 15000, loss: 0.001067
 ----------- DONE -----------

 > Ejecucion 2:
   - Train: 0.0
   - Test - Long: 0.0
   - Test - Big: 0.0
   - Test - A: 0.0
   - Test - B: 0.0
data INPUT has 50001 characters, 3 unique.
data OUTPUT has 50001 characters, 2 unique.
Función de activación: TANH
 > Entrenando...
 >> iter 0, loss: 27.455174
   Number of active neurons: 0
 >> iter 1000, loss: 10.706435
 >> iter 2000, loss: 3.946272
 >> iter 3000, loss: 1.456217
 >> iter 4000, loss: 0.538867
 >> iter 5000, loss: 0.200779
 >> iter 6000, loss: 0.075888
 >> iter 7000, loss: 0.029660
 >> iter 8000, loss: 0.012370
 >> iter 9000, loss: 0.005859
 >> iter 10000, loss: 0.003284
   Number of active neurons: 9
 >> iter 11000, loss: 0.002249
 >> iter 12000, loss: 0.001744
 >> iter 13000, loss: 0.001505
 >> iter 14000, loss: 0.001324
 >> iter 15000, loss: 0.001222
 >> iter 16000, loss: 0.001114
 >> iter 17000, loss: 0.001049
 ----------- DONE -----------

 > Ejecucion 3:
   - Train: 0.0
   - Test - Long: 0.0
   - Test - Big: 0.0
   - Test - A: 0.0
   - Test - B: 0.0
data INPUT has 50001 characters, 3 unique.
data OUTPUT has 50001 characters, 2 unique.
Función de activación: TANH
 > Entrenando...
 >> iter 0, loss: 27.455173
   Number of active neurons: 0
 >> iter 1000, loss: 10.721244
 >> iter 2000, loss: 3.950429
 >> iter 3000, loss: 1.457008
 >> iter 4000, loss: 0.538658
 >> iter 5000, loss: 0.200326
 >> iter 6000, loss: 0.075426
 >> iter 7000, loss: 0.029245
 >> iter 8000, loss: 0.012012
 >> iter 9000, loss: 0.005548
 >> iter 10000, loss: 0.003015
   Number of active neurons: 11
 >> iter 11000, loss: 0.002011
 >> iter 12000, loss: 0.001533
 >> iter 13000, loss: 0.001313
 >> iter 14000, loss: 0.001152
 >> iter 15000, loss: 0.001063
 ----------- DONE -----------

 > Ejecucion 4:
   - Train: 0.0
   - Test - Long: 0.0
   - Test - Big: 0.0
   - Test - A: 0.0
   - Test - B: 0.0
data INPUT has 50001 characters, 3 unique.
data OUTPUT has 50001 characters, 2 unique.
Función de activación: TANH
 > Entrenando...
 >> iter 0, loss: 27.455168
   Number of active neurons: 0
 >> iter 1000, loss: 10.672371
 >> iter 2000, loss: 3.933240
 >> iter 3000, loss: 1.451165
 >> iter 4000, loss: 0.536841
 >> iter 5000, loss: 0.199914
 >> iter 6000, loss: 0.075477
 >> iter 7000, loss: 0.029435
 >> iter 8000, loss: 0.012227
 >> iter 9000, loss: 0.005755
 >> iter 10000, loss: 0.003202
   Number of active neurons: 7
 >> iter 11000, loss: 0.002181
 >> iter 12000, loss: 0.001686
 >> iter 13000, loss: 0.001453
 >> iter 14000, loss: 0.001278
 >> iter 15000, loss: 0.001181
 >> iter 16000, loss: 0.001076
 >> iter 17000, loss: 0.001015
 ----------- DONE -----------

 > Ejecucion 5:
   - Train: 0.0
   - Test - Long: 0.0
   - Test - Big: 0.0
   - Test - A: 0.0
   - Test - B: 0.0
data INPUT has 50001 characters, 3 unique.
data OUTPUT has 50001 characters, 2 unique.
Función de activación: TANH
 > Entrenando...
 >> iter 0, loss: 27.455168
   Number of active neurons: 0
 >> iter 1000, loss: 10.675417
 >> iter 2000, loss: 3.934907
 >> iter 3000, loss: 1.452066
 >> iter 4000, loss: 0.537359
 >> iter 5000, loss: 0.200239
 >> iter 6000, loss: 0.075700
 >> iter 7000, loss: 0.029600
 >> iter 8000, loss: 0.012355
 >> iter 9000, loss: 0.005860
 >> iter 10000, loss: 0.003290
   Number of active neurons: 8
 >> iter 11000, loss: 0.002257
 >> iter 12000, loss: 0.001752
 >> iter 13000, loss: 0.001511
 >> iter 14000, loss: 0.001330
 >> iter 15000, loss: 0.001228
 >> iter 16000, loss: 0.001119
 >> iter 17000, loss: 0.001054
 ----------- DONE -----------

 > Ejecucion 6:
   - Train: 0.0
   - Test - Long: 0.0
   - Test - Big: 0.0
   - Test - A: 0.0
   - Test - B: 0.0
data INPUT has 50001 characters, 3 unique.
data OUTPUT has 50001 characters, 2 unique.
Función de activación: TANH
 > Entrenando...
 >> iter 0, loss: 27.455172
   Number of active neurons: 0
 >> iter 1000, loss: 10.734732
 >> iter 2000, loss: 3.955612
 >> iter 3000, loss: 1.459003
 >> iter 4000, loss: 0.539434
 >> iter 5000, loss: 0.200639
 >> iter 6000, loss: 0.075556
 >> iter 7000, loss: 0.029304
 >> iter 8000, loss: 0.012040
 >> iter 9000, loss: 0.005563
 >> iter 10000, loss: 0.003022
   Number of active neurons: 10
 >> iter 11000, loss: 0.002015
 >> iter 12000, loss: 0.001534
 >> iter 13000, loss: 0.001313
 >> iter 14000, loss: 0.001150
 >> iter 15000, loss: 0.001062
 ----------- DONE -----------

 > Ejecucion 7:
   - Train: 0.0
   - Test - Long: 0.0
   - Test - Big: 0.0
   - Test - A: 0.0
   - Test - B: 0.0
data INPUT has 50001 characters, 3 unique.
data OUTPUT has 50001 characters, 2 unique.
Función de activación: TANH
 > Entrenando...
 >> iter 0, loss: 27.455170
   Number of active neurons: 0
 >> iter 1000, loss: 10.690116
 >> iter 2000, loss: 3.939519
 >> iter 3000, loss: 1.453324
 >> iter 4000, loss: 0.537523
 >> iter 5000, loss: 0.200083
 >> iter 6000, loss: 0.075472
 >> iter 7000, loss: 0.029380
 >> iter 8000, loss: 0.012161
 >> iter 9000, loss: 0.005692
 >> iter 10000, loss: 0.003146
   Number of active neurons: 6
 >> iter 11000, loss: 0.002131
 >> iter 12000, loss: 0.001641
 >> iter 13000, loss: 0.001413
 >> iter 14000, loss: 0.001243
 >> iter 15000, loss: 0.001149
 >> iter 16000, loss: 0.001048
 ----------- DONE -----------

 > Ejecucion 8:
   - Train: 0.0
   - Test - Long: 0.0
   - Test - Big: 0.0
   - Test - A: 0.0
   - Test - B: 0.0
data INPUT has 50001 characters, 3 unique.
data OUTPUT has 50001 characters, 2 unique.
Función de activación: TANH
 > Entrenando...
 >> iter 0, loss: 27.455169
   Number of active neurons: 0
 >> iter 1000, loss: 10.646565
 >> iter 2000, loss: 3.924385
 >> iter 3000, loss: 1.448298
 >> iter 4000, loss: 0.536062
 >> iter 5000, loss: 0.199840
 >> iter 6000, loss: 0.075621
 >> iter 7000, loss: 0.029633
 >> iter 8000, loss: 0.012423
 >> iter 9000, loss: 0.005935
 >> iter 10000, loss: 0.003364
   Number of active neurons: 8
 >> iter 11000, loss: 0.002327
 >> iter 12000, loss: 0.001817
 >> iter 13000, loss: 0.001573
 >> iter 14000, loss: 0.001388
 >> iter 15000, loss: 0.001283
 >> iter 16000, loss: 0.001170
 >> iter 17000, loss: 0.001103
 >> iter 18000, loss: 0.001020
 ----------- DONE -----------

 > Ejecucion 9:
   - Train: 0.0
   - Test - Long: 0.0
   - Test - Big: 0.0
   - Test - A: 0.0
   - Test - B: 0.0
data INPUT has 50001 characters, 3 unique.
data OUTPUT has 50001 characters, 2 unique.
Función de activación: TANH
 > Entrenando...
 >> iter 0, loss: 27.455175
   Number of active neurons: 0
 >> iter 1000, loss: 10.689492
 >> iter 2000, loss: 3.938956
 >> iter 3000, loss: 1.452829
 >> iter 4000, loss: 0.537088
 >> iter 5000, loss: 0.199722
 >> iter 6000, loss: 0.075160
 >> iter 7000, loss: 0.029113
 >> iter 8000, loss: 0.011922
 >> iter 9000, loss: 0.005482
 >> iter 10000, loss: 0.002953
   Number of active neurons: 7
 >> iter 11000, loss: 0.001957
 >> iter 12000, loss: 0.001480
 >> iter 13000, loss: 0.001265
 >> iter 14000, loss: 0.001103
 >> iter 15000, loss: 0.001020
 ----------- DONE -----------

 > Ejecucion 10:
   - Train: 0.0
   - Test - Long: 0.0
   - Test - Big: 0.0
   - Test - A: 0.0
   - Test - B: 0.0
data INPUT has 50001 characters, 3 unique.
data OUTPUT has 50001 characters, 2 unique.
Función de activación: TANH
 > Entrenando...
 >> iter 0, loss: 27.455172
   Number of active neurons: 0
 >> iter 1000, loss: 10.701453
 >> iter 2000, loss: 3.944855
 >> iter 3000, loss: 1.455942
 >> iter 4000, loss: 0.538944
 >> iter 5000, loss: 0.200940
 >> iter 6000, loss: 0.076055
 >> iter 7000, loss: 0.029809
 >> iter 8000, loss: 0.012500
 >> iter 9000, loss: 0.005971
 >> iter 10000, loss: 0.003383
   Number of active neurons: 10
 >> iter 11000, loss: 0.002335
 >> iter 12000, loss: 0.001821
 >> iter 13000, loss: 0.001573
 >> iter 14000, loss: 0.001387
 >> iter 15000, loss: 0.001279
 >> iter 16000, loss: 0.001166
 >> iter 17000, loss: 0.001097
 >> iter 18000, loss: 0.001014
 ----------- DONE -----------

 > Ejecucion 11:
   - Train: 0.0
   - Test - Long: 0.0
   - Test - Big: 0.0
   - Test - A: 0.0
   - Test - B: 0.0
data INPUT has 50001 characters, 3 unique.
data OUTPUT has 50001 characters, 2 unique.
Función de activación: TANH
 > Entrenando...
 >> iter 0, loss: 27.455171
   Number of active neurons: 0
 >> iter 1000, loss: 10.694467
 >> iter 2000, loss: 3.940836
 >> iter 3000, loss: 1.453573
 >> iter 4000, loss: 0.537408
 >> iter 5000, loss: 0.199878
 >> iter 6000, loss: 0.075251
 >> iter 7000, loss: 0.029177
 >> iter 8000, loss: 0.011973
 >> iter 9000, loss: 0.005526
 >> iter 10000, loss: 0.002993
   Number of active neurons: 6
 >> iter 11000, loss: 0.001993
 >> iter 12000, loss: 0.001513
 >> iter 13000, loss: 0.001297
 >> iter 14000, loss: 0.001133
 >> iter 15000, loss: 0.001048
 ----------- DONE -----------

 > Ejecucion 12:
   - Train: 0.0
   - Test - Long: 0.0
   - Test - Big: 0.0
   - Test - A: 0.0
   - Test - B: 0.0
data INPUT has 50001 characters, 3 unique.
data OUTPUT has 50001 characters, 2 unique.
Función de activación: TANH
 > Entrenando...
 >> iter 0, loss: 27.455170
   Number of active neurons: 0
 >> iter 1000, loss: 10.689352
 >> iter 2000, loss: 3.939343
 >> iter 3000, loss: 1.453293
 >> iter 4000, loss: 0.537527
 >> iter 5000, loss: 0.200085
 >> iter 6000, loss: 0.075469
 >> iter 7000, loss: 0.029370
 >> iter 8000, loss: 0.012147
 >> iter 9000, loss: 0.005674
 >> iter 10000, loss: 0.003126
   Number of active neurons: 10
 >> iter 11000, loss: 0.002109
 >> iter 12000, loss: 0.001619
 >> iter 13000, loss: 0.001391
 >> iter 14000, loss: 0.001220
 >> iter 15000, loss: 0.001126
 >> iter 16000, loss: 0.001025
 ----------- DONE -----------

 > Ejecucion 13:
   - Train: 0.0
   - Test - Long: 0.0
   - Test - Big: 0.0
   - Test - A: 0.0
   - Test - B: 0.0
data INPUT has 50001 characters, 3 unique.
data OUTPUT has 50001 characters, 2 unique.
Función de activación: TANH
 > Entrenando...
 >> iter 0, loss: 27.455169
   Number of active neurons: 0
 >> iter 1000, loss: 10.688903
 >> iter 2000, loss: 3.938409
 >> iter 3000, loss: 1.452509
 >> iter 4000, loss: 0.536943
 >> iter 5000, loss: 0.199650
 >> iter 6000, loss: 0.075138
 >> iter 7000, loss: 0.029107
 >> iter 8000, loss: 0.011932
 >> iter 9000, loss: 0.005494
 >> iter 10000, loss: 0.002972
   Number of active neurons: 10
 >> iter 11000, loss: 0.001974
 >> iter 12000, loss: 0.001500
 >> iter 13000, loss: 0.001284
 >> iter 14000, loss: 0.001124
 >> iter 15000, loss: 0.001038
 ----------- DONE -----------

 > Ejecucion 14:
   - Train: 0.0
   - Test - Long: 0.0
   - Test - Big: 0.0
   - Test - A: 0.0
   - Test - B: 0.0
data INPUT has 50001 characters, 3 unique.
data OUTPUT has 50001 characters, 2 unique.
Función de activación: TANH
 > Entrenando...
 >> iter 0, loss: 27.455168
   Number of active neurons: 0
 >> iter 1000, loss: 10.694319
 >> iter 2000, loss: 3.941747
 >> iter 3000, loss: 1.454509
 >> iter 4000, loss: 0.538203
 >> iter 5000, loss: 0.200507
 >> iter 6000, loss: 0.075763
 >> iter 7000, loss: 0.029594
 >> iter 8000, loss: 0.012327
 >> iter 9000, loss: 0.005827
 >> iter 10000, loss: 0.003258
   Number of active neurons: 7
 >> iter 11000, loss: 0.002227
 >> iter 12000, loss: 0.001724
 >> iter 13000, loss: 0.001486
 >> iter 14000, loss: 0.001307
 >> iter 15000, loss: 0.001206
 >> iter 16000, loss: 0.001099
 >> iter 17000, loss: 0.001036
 ----------- DONE -----------

 > Ejecucion 15:
   - Train: 0.0
   - Test - Long: 0.0
   - Test - Big: 0.0
   - Test - A: 0.0
   - Test - B: 0.0
data INPUT has 50001 characters, 3 unique.
data OUTPUT has 50001 characters, 2 unique.
Función de activación: TANH
 > Entrenando...
 >> iter 0, loss: 27.455170
   Number of active neurons: 0
 >> iter 1000, loss: 10.647383
 >> iter 2000, loss: 3.924322
 >> iter 3000, loss: 1.448034
 >> iter 4000, loss: 0.535780
 >> iter 5000, loss: 0.199592
 >> iter 6000, loss: 0.075409
 >> iter 7000, loss: 0.029452
 >> iter 8000, loss: 0.012266
 >> iter 9000, loss: 0.005799
 >> iter 10000, loss: 0.003243
   Number of active neurons: 7
 >> iter 11000, loss: 0.002218
 >> iter 12000, loss: 0.001718
 >> iter 13000, loss: 0.001483
 >> iter 14000, loss: 0.001304
 >> iter 15000, loss: 0.001205
 >> iter 16000, loss: 0.001098
 >> iter 17000, loss: 0.001036
 ----------- DONE -----------

 > Ejecucion 16:
   - Train: 0.0
   - Test - Long: 0.0
   - Test - Big: 0.0
   - Test - A: 0.0
   - Test - B: 0.0
data INPUT has 50001 characters, 3 unique.
data OUTPUT has 50001 characters, 2 unique.
Función de activación: TANH
 > Entrenando...
 >> iter 0, loss: 27.455167
   Number of active neurons: 0
 >> iter 1000, loss: 10.691545
 >> iter 2000, loss: 3.939272
 >> iter 3000, loss: 1.452726
 >> iter 4000, loss: 0.536938
 >> iter 5000, loss: 0.199582
 >> iter 6000, loss: 0.075056
 >> iter 7000, loss: 0.029029
 >> iter 8000, loss: 0.011862
 >> iter 9000, loss: 0.005432
 >> iter 10000, loss: 0.002916
   Number of active neurons: 10
 >> iter 11000, loss: 0.001925
 >> iter 12000, loss: 0.001455
 >> iter 13000, loss: 0.001243
 >> iter 14000, loss: 0.001087
 >> iter 15000, loss: 0.001004
 ----------- DONE -----------

 > Ejecucion 17:
   - Train: 0.0
   - Test - Long: 0.0
   - Test - Big: 0.0
   - Test - A: 0.0
   - Test - B: 0.0
data INPUT has 50001 characters, 3 unique.
data OUTPUT has 50001 characters, 2 unique.
Función de activación: TANH
 > Entrenando...
 >> iter 0, loss: 27.455171
   Number of active neurons: 0
 >> iter 1000, loss: 10.705050
 >> iter 2000, loss: 3.945481
 >> iter 3000, loss: 1.455776
 >> iter 4000, loss: 0.538609
 >> iter 5000, loss: 0.200612
 >> iter 6000, loss: 0.075772
 >> iter 7000, loss: 0.029572
 >> iter 8000, loss: 0.012300
 >> iter 9000, loss: 0.005800
 >> iter 10000, loss: 0.003235
   Number of active neurons: 10
 >> iter 11000, loss: 0.002205
 >> iter 12000, loss: 0.001706
 >> iter 13000, loss: 0.001469
 >> iter 14000, loss: 0.001292
 >> iter 15000, loss: 0.001193
 >> iter 16000, loss: 0.001087
 >> iter 17000, loss: 0.001024
 ----------- DONE -----------

 > Ejecucion 18:
   - Train: 0.0
   - Test - Long: 0.0
   - Test - Big: 0.0
   - Test - A: 0.0
   - Test - B: 0.0
data INPUT has 50001 characters, 3 unique.
data OUTPUT has 50001 characters, 2 unique.
Función de activación: TANH
 > Entrenando...
 >> iter 0, loss: 27.455170
   Number of active neurons: 0
 >> iter 1000, loss: 10.693121
 >> iter 2000, loss: 3.940915
 >> iter 3000, loss: 1.453999
 >> iter 4000, loss: 0.537883
 >> iter 5000, loss: 0.200294
 >> iter 6000, loss: 0.075611
 >> iter 7000, loss: 0.029479
 >> iter 8000, loss: 0.012235
 >> iter 9000, loss: 0.005751
 >> iter 10000, loss: 0.003193
   Number of active neurons: 9
 >> iter 11000, loss: 0.002171
 >> iter 12000, loss: 0.001674
 >> iter 13000, loss: 0.001442
 >> iter 14000, loss: 0.001267
 >> iter 15000, loss: 0.001170
 >> iter 16000, loss: 0.001065
 >> iter 17000, loss: 0.001005
 ----------- DONE -----------

 > Ejecucion 19:
   - Train: 0.0
   - Test - Long: 0.0
   - Test - Big: 0.0
   - Test - A: 0.0
   - Test - B: 0.0

 > Terminadas 20 ejecuciones...

---------------------------------------- TERMINADO OK ----------------------------------------

