 > Problema: tomita3nueva
 > Args:
   - Hidden size: 6
   - Noise level: 0.0
   - Regu L1: 0.0
   - Shock: 0.0
data INPUT has 50001 characters, 3 unique.
data OUTPUT has 50001 characters, 2 unique.
Función de activación: TANH
 > Entrenando...
 >> iter 0, loss: 27.455171
   Number of active neurons: 0
 >> iter 1000, loss: 18.684402
 >> iter 2000, loss: 7.649752
 >> iter 3000, loss: 2.847188
 >> iter 4000, loss: 1.064302
 >> iter 5000, loss: 0.403229
 >> iter 6000, loss: 0.157193
 >> iter 7000, loss: 0.065015
 >> iter 8000, loss: 0.029883
 >> iter 9000, loss: 0.016149
 >> iter 10000, loss: 0.010417
   Number of active neurons: 6
 >> iter 11000, loss: 0.007837
 >> iter 12000, loss: 0.006459
 >> iter 13000, loss: 0.005645
 >> iter 14000, loss: 0.005052
 >> iter 15000, loss: 0.004616
 >> iter 16000, loss: 0.004240
 >> iter 17000, loss: 0.003943
 >> iter 18000, loss: 0.003669
 >> iter 19000, loss: 0.003446
 >> iter 20000, loss: 0.003234
   Number of active neurons: 6
 >> iter 21000, loss: 0.003063
 >> iter 22000, loss: 0.002893
 >> iter 23000, loss: 0.002755
 >> iter 24000, loss: 0.002615
 >> iter 25000, loss: 0.002502
 >> iter 26000, loss: 0.002385
 >> iter 27000, loss: 0.002290
 >> iter 28000, loss: 0.002191
 >> iter 29000, loss: 0.002112
 >> iter 30000, loss: 0.002027
   Number of active neurons: 6
 >> iter 31000, loss: 0.001960
 >> iter 32000, loss: 0.001886
 >> iter 33000, loss: 0.001827
 >> iter 34000, loss: 0.001763
 >> iter 35000, loss: 0.001711
 >> iter 36000, loss: 0.001655
 >> iter 37000, loss: 0.001610
 >> iter 38000, loss: 0.001559
 >> iter 39000, loss: 0.001519
 >> iter 40000, loss: 0.001474
   Number of active neurons: 6
 >> iter 41000, loss: 0.001438
 >> iter 42000, loss: 0.001398
 >> iter 43000, loss: 0.001364
 >> iter 44000, loss: 0.001329
 >> iter 45000, loss: 0.001299
 >> iter 46000, loss: 0.001265
 >> iter 47000, loss: 0.001238
 >> iter 48000, loss: 0.001208
 >> iter 49000, loss: 0.001183
 >> iter 50000, loss: 0.001156
   Number of active neurons: 6
 >> iter 51000, loss: 0.001132
 >> iter 52000, loss: 0.001109
 >> iter 53000, loss: 0.001086
 >> iter 54000, loss: 0.001064
 >> iter 55000, loss: 0.001043
 >> iter 56000, loss: 0.001023
 >> iter 57000, loss: 0.001004
 ----------- DONE -----------

 > Ejecucion 0:
   - Train: 0.0
   - Test - Long: 0.0
   - Test - Big: 0.0
   - Test - A: 0.0
   - Test - B: 0.0
data INPUT has 50001 characters, 3 unique.
data OUTPUT has 50001 characters, 2 unique.
Función de activación: TANH
 > Entrenando...
 >> iter 0, loss: 27.455170
   Number of active neurons: 0
 >> iter 1000, loss: 18.201622
 >> iter 2000, loss: 7.645907
 >> iter 3000, loss: 2.861030
 >> iter 4000, loss: 1.077394
 >> iter 5000, loss: 0.413738
 >> iter 6000, loss: 0.165446
 >> iter 7000, loss: 0.071657
 >> iter 8000, loss: 0.035352
 >> iter 9000, loss: 0.020803
 >> iter 10000, loss: 0.014435
   Number of active neurons: 6
 >> iter 11000, loss: 0.011397
 >> iter 12000, loss: 0.009634
 >> iter 13000, loss: 0.008532
 >> iter 14000, loss: 0.007681
 >> iter 15000, loss: 0.007045
 >> iter 16000, loss: 0.006485
 >> iter 17000, loss: 0.006042
 >> iter 18000, loss: 0.005628
 >> iter 19000, loss: 0.005292
 >> iter 20000, loss: 0.004971
   Number of active neurons: 6
 >> iter 21000, loss: 0.004711
 >> iter 22000, loss: 0.004455
 >> iter 23000, loss: 0.004244
 >> iter 24000, loss: 0.004035
 >> iter 25000, loss: 0.003860
 >> iter 26000, loss: 0.003686
 >> iter 27000, loss: 0.003537
 >> iter 28000, loss: 0.003391
 >> iter 29000, loss: 0.003265
 >> iter 30000, loss: 0.003140
   Number of active neurons: 6
 >> iter 31000, loss: 0.003033
 >> iter 32000, loss: 0.002923
 >> iter 33000, loss: 0.002830
 >> iter 34000, loss: 0.002738
 >> iter 35000, loss: 0.002653
 >> iter 36000, loss: 0.002573
 >> iter 37000, loss: 0.002497
 >> iter 38000, loss: 0.002426
 >> iter 39000, loss: 0.002359
 >> iter 40000, loss: 0.002295
   Number of active neurons: 6
 >> iter 41000, loss: 0.002233
 >> iter 42000, loss: 0.002176
 >> iter 43000, loss: 0.002121
 >> iter 44000, loss: 0.002071
 >> iter 45000, loss: 0.002021
 >> iter 46000, loss: 0.001974
 >> iter 47000, loss: 0.001927
 >> iter 48000, loss: 0.001887
 >> iter 49000, loss: 0.001842
 >> iter 50000, loss: 0.001806
   Number of active neurons: 6
 >> iter 51000, loss: 0.001764
 >> iter 52000, loss: 0.001733
 >> iter 53000, loss: 0.001693
 >> iter 54000, loss: 0.001664
 >> iter 55000, loss: 0.001627
 >> iter 56000, loss: 0.001600
 >> iter 57000, loss: 0.001567
 >> iter 58000, loss: 0.001542
 >> iter 59000, loss: 0.001510
 >> iter 60000, loss: 0.001488
   Number of active neurons: 6
 >> iter 61000, loss: 0.001458
 >> iter 62000, loss: 0.001436
 >> iter 63000, loss: 0.001409
 >> iter 64000, loss: 0.001389
 >> iter 65000, loss: 0.001364
 >> iter 66000, loss: 0.001345
 >> iter 67000, loss: 0.001322
 >> iter 68000, loss: 0.001304
 >> iter 69000, loss: 0.001280
 >> iter 70000, loss: 0.001265
   Number of active neurons: 6
 >> iter 71000, loss: 0.001243
 >> iter 72000, loss: 0.001227
 >> iter 73000, loss: 0.001207
 >> iter 74000, loss: 0.001192
 >> iter 75000, loss: 0.001174
 >> iter 76000, loss: 0.001161
 >> iter 77000, loss: 0.001141
 >> iter 78000, loss: 0.001129
 >> iter 79000, loss: 0.001111
 >> iter 80000, loss: 0.001099
   Number of active neurons: 6
 >> iter 81000, loss: 0.001081
 >> iter 82000, loss: 0.001071
 >> iter 83000, loss: 0.001054
 >> iter 84000, loss: 0.001044
 >> iter 85000, loss: 0.001028
 >> iter 86000, loss: 0.001019
 >> iter 87000, loss: 0.001003
 ----------- DONE -----------

 > Ejecucion 1:
   - Train: 0.0
   - Test - Long: 0.0
   - Test - Big: 0.0
   - Test - A: 3.12645823612
   - Test - B: 0.0
data INPUT has 50001 characters, 3 unique.
data OUTPUT has 50001 characters, 2 unique.
Función de activación: TANH
 > Entrenando...
 >> iter 0, loss: 27.455171
   Number of active neurons: 0
 >> iter 1000, loss: 18.943563
 >> iter 2000, loss: 8.219510
 >> iter 3000, loss: 3.217539
 >> iter 4000, loss: 1.211244
 >> iter 5000, loss: 0.461476
 >> iter 6000, loss: 0.180844
 >> iter 7000, loss: 0.075191
 >> iter 8000, loss: 0.034561
 >> iter 9000, loss: 0.018590
 >> iter 10000, loss: 0.011799
   Number of active neurons: 6
 >> iter 11000, loss: 0.008751
 >> iter 12000, loss: 0.007072
 >> iter 13000, loss: 0.006117
 >> iter 14000, loss: 0.005392
 >> iter 15000, loss: 0.004898
 >> iter 16000, loss: 0.004447
 >> iter 17000, loss: 0.004121
 >> iter 18000, loss: 0.003797
 >> iter 19000, loss: 0.003558
 >> iter 20000, loss: 0.003312
   Number of active neurons: 6
 >> iter 21000, loss: 0.003131
 >> iter 22000, loss: 0.002937
 >> iter 23000, loss: 0.002792
 >> iter 24000, loss: 0.002635
 >> iter 25000, loss: 0.002518
 >> iter 26000, loss: 0.002388
 >> iter 27000, loss: 0.002291
 >> iter 28000, loss: 0.002182
 >> iter 29000, loss: 0.002101
 >> iter 30000, loss: 0.002008
   Number of active neurons: 6
 >> iter 31000, loss: 0.001941
 >> iter 32000, loss: 0.001860
 >> iter 33000, loss: 0.001801
 >> iter 34000, loss: 0.001731
 >> iter 35000, loss: 0.001680
 >> iter 36000, loss: 0.001619
 >> iter 37000, loss: 0.001574
 >> iter 38000, loss: 0.001520
 >> iter 39000, loss: 0.001481
 >> iter 40000, loss: 0.001432
   Number of active neurons: 6
 >> iter 41000, loss: 0.001397
 >> iter 42000, loss: 0.001354
 >> iter 43000, loss: 0.001321
 >> iter 44000, loss: 0.001283
 >> iter 45000, loss: 0.001254
 >> iter 46000, loss: 0.001219
 >> iter 47000, loss: 0.001193
 >> iter 48000, loss: 0.001162
 >> iter 49000, loss: 0.001137
 >> iter 50000, loss: 0.001108
   Number of active neurons: 6
 >> iter 51000, loss: 0.001085
 >> iter 52000, loss: 0.001061
 >> iter 53000, loss: 0.001039
 >> iter 54000, loss: 0.001016
 ----------- DONE -----------

 > Ejecucion 2:
   - Train: 0.0
   - Test - Long: 0.314984250787
   - Test - Big: 0.0129998700013
   - Test - A: 0.0
   - Test - B: 20.5319645357
data INPUT has 50001 characters, 3 unique.
data OUTPUT has 50001 characters, 2 unique.
Función de activación: TANH
 > Entrenando...
 >> iter 0, loss: 27.455170
   Number of active neurons: 0
 >> iter 1000, loss: 18.045319
 >> iter 2000, loss: 7.317978
 >> iter 3000, loss: 2.748013
 >> iter 4000, loss: 1.045593
 >> iter 5000, loss: 0.406138
 >> iter 6000, loss: 0.168968
 >> iter 7000, loss: 0.075559
 >> iter 8000, loss: 0.040705
 >> iter 9000, loss: 0.024664
 >> iter 10000, loss: 0.017756
   Number of active neurons: 6
 >> iter 11000, loss: 0.014053
 >> iter 12000, loss: 0.012065
 >> iter 13000, loss: 0.010589
 >> iter 14000, loss: 0.009628
 >> iter 15000, loss: 0.008741
 >> iter 16000, loss: 0.008115
 >> iter 17000, loss: 0.007491
 >> iter 18000, loss: 0.007032
 >> iter 19000, loss: 0.006557
 >> iter 20000, loss: 0.006205
   Number of active neurons: 6
 >> iter 21000, loss: 0.005836
 >> iter 22000, loss: 0.005555
 >> iter 23000, loss: 0.005254
 >> iter 24000, loss: 0.005021
 >> iter 25000, loss: 0.004773
 >> iter 26000, loss: 0.004579
 >> iter 27000, loss: 0.004369
 >> iter 28000, loss: 0.004208
 >> iter 29000, loss: 0.004028
 >> iter 30000, loss: 0.003892
   Number of active neurons: 6
 >> iter 31000, loss: 0.003737
 >> iter 32000, loss: 0.003623
 >> iter 33000, loss: 0.003485
 >> iter 34000, loss: 0.003386
 >> iter 35000, loss: 0.003264
 >> iter 36000, loss: 0.003178
 >> iter 37000, loss: 0.003069
 >> iter 38000, loss: 0.002993
 >> iter 39000, loss: 0.002896
 >> iter 40000, loss: 0.002830
   Number of active neurons: 6
 >> iter 41000, loss: 0.002740
 >> iter 42000, loss: 0.002683
 >> iter 43000, loss: 0.002599
 >> iter 44000, loss: 0.002550
 >> iter 45000, loss: 0.002473
 >> iter 46000, loss: 0.002426
 >> iter 47000, loss: 0.002356
 >> iter 48000, loss: 0.002317
 >> iter 49000, loss: 0.002249
 >> iter 50000, loss: 0.002214
   Number of active neurons: 6
 >> iter 51000, loss: 0.002151
 >> iter 52000, loss: 0.002123
 >> iter 53000, loss: 0.002062
 >> iter 54000, loss: 0.002037
 >> iter 55000, loss: 0.001979
 >> iter 56000, loss: 0.001957
 >> iter 57000, loss: 0.001904
 >> iter 58000, loss: 0.001883
 >> iter 59000, loss: 0.001832
 >> iter 60000, loss: 0.001816
   Number of active neurons: 6
 >> iter 61000, loss: 0.001767
 >> iter 62000, loss: 0.001753
 >> iter 63000, loss: 0.001707
 >> iter 64000, loss: 0.001696
 >> iter 65000, loss: 0.001652
 >> iter 66000, loss: 0.001641
 >> iter 67000, loss: 0.001598
 >> iter 68000, loss: 0.001590
 >> iter 69000, loss: 0.001547
 >> iter 70000, loss: 0.001540
   Number of active neurons: 6
 >> iter 71000, loss: 0.001500
 >> iter 72000, loss: 0.001494
 >> iter 73000, loss: 0.001457
 >> iter 74000, loss: 0.001451
 >> iter 75000, loss: 0.001415
 >> iter 76000, loss: 0.001411
 >> iter 77000, loss: 0.001374
 >> iter 78000, loss: 0.001372
 >> iter 79000, loss: 0.001336
 >> iter 80000, loss: 0.001334
   Number of active neurons: 6
 >> iter 81000, loss: 0.001301
 >> iter 82000, loss: 0.001299
 >> iter 83000, loss: 0.001267
 >> iter 84000, loss: 0.001266
 >> iter 85000, loss: 0.001236
 >> iter 86000, loss: 0.001234
 >> iter 87000, loss: 0.001205
 >> iter 88000, loss: 0.001204
 >> iter 89000, loss: 0.001175
 >> iter 90000, loss: 0.001176
   Number of active neurons: 6
 >> iter 91000, loss: 0.001147
 >> iter 92000, loss: 0.001148
 >> iter 93000, loss: 0.001120
 >> iter 94000, loss: 0.001121
 >> iter 95000, loss: 0.001095
 >> iter 96000, loss: 0.001096
 >> iter 97000, loss: 0.001071
 >> iter 98000, loss: 0.001072
 >> iter 99000, loss: 0.001047
 >> iter 100000, loss: 0.001048
   Number of active neurons: 6
 ----------- DONE -----------

 > Ejecucion 3:
   - Train: 0.0
   - Test - Long: 0.0
   - Test - Big: 0.0039999600004
   - Test - A: 0.0
   - Test - B: 13.6390907273
data INPUT has 50001 characters, 3 unique.
data OUTPUT has 50001 characters, 2 unique.
Función de activación: TANH
 > Entrenando...
 >> iter 0, loss: 27.455170
   Number of active neurons: 0
 >> iter 1000, loss: 18.524878
 >> iter 2000, loss: 7.575442
 >> iter 3000, loss: 2.891635
 >> iter 4000, loss: 1.100020
 >> iter 5000, loss: 0.418554
 >> iter 6000, loss: 0.163594
 >> iter 7000, loss: 0.067712
 >> iter 8000, loss: 0.030997
 >> iter 9000, loss: 0.016590
 >> iter 10000, loss: 0.010528
   Number of active neurons: 6
 >> iter 11000, loss: 0.007804
 >> iter 12000, loss: 0.006334
 >> iter 13000, loss: 0.005495
 >> iter 14000, loss: 0.004861
 >> iter 15000, loss: 0.004439
 >> iter 16000, loss: 0.004035
 >> iter 17000, loss: 0.003753
 >> iter 18000, loss: 0.003460
 >> iter 19000, loss: 0.003256
 >> iter 20000, loss: 0.003029
   Number of active neurons: 6
 >> iter 21000, loss: 0.002875
 >> iter 22000, loss: 0.002694
 >> iter 23000, loss: 0.002573
 >> iter 24000, loss: 0.002424
 >> iter 25000, loss: 0.002326
 >> iter 26000, loss: 0.002202
 >> iter 27000, loss: 0.002122
 >> iter 28000, loss: 0.002016
 >> iter 29000, loss: 0.001949
 >> iter 30000, loss: 0.001859
   Number of active neurons: 6
 >> iter 31000, loss: 0.001804
 >> iter 32000, loss: 0.001724
 >> iter 33000, loss: 0.001677
 >> iter 34000, loss: 0.001608
 >> iter 35000, loss: 0.001567
 >> iter 36000, loss: 0.001507
 >> iter 37000, loss: 0.001471
 >> iter 38000, loss: 0.001416
 >> iter 39000, loss: 0.001386
 >> iter 40000, loss: 0.001336
   Number of active neurons: 6
 >> iter 41000, loss: 0.001309
 >> iter 42000, loss: 0.001264
 >> iter 43000, loss: 0.001240
 >> iter 44000, loss: 0.001200
 >> iter 45000, loss: 0.001180
 >> iter 46000, loss: 0.001142
 >> iter 47000, loss: 0.001123
 >> iter 48000, loss: 0.001089
 >> iter 49000, loss: 0.001072
 >> iter 50000, loss: 0.001041
   Number of active neurons: 6
 >> iter 51000, loss: 0.001025
 ----------- DONE -----------

 > Ejecucion 4:
   - Train: 0.0
   - Test - Long: 0.0
   - Test - Big: 0.0
   - Test - A: 0.0
   - Test - B: 9.87267515499
data INPUT has 50001 characters, 3 unique.
data OUTPUT has 50001 characters, 2 unique.
Función de activación: TANH
 > Entrenando...
 >> iter 0, loss: 27.455171
   Number of active neurons: 0
 >> iter 1000, loss: 18.917634
 >> iter 2000, loss: 8.008664
 >> iter 3000, loss: 3.190046
 >> iter 4000, loss: 1.267673
 >> iter 5000, loss: 0.538200
 >> iter 6000, loss: 0.237395
 >> iter 7000, loss: 0.099593
 >> iter 8000, loss: 0.055592
 >> iter 9000, loss: 0.028598
 >> iter 10000, loss: 0.024250
   Number of active neurons: 6
 >> iter 11000, loss: 0.015049
 >> iter 12000, loss: 0.144042
 >> iter 13000, loss: 0.059069
 >> iter 14000, loss: 0.029928
 >> iter 15000, loss: 0.015451
 >> iter 16000, loss: 0.010462
 >> iter 17000, loss: 0.007460
 >> iter 18000, loss: 0.006114
 >> iter 19000, loss: 0.005299
 >> iter 20000, loss: 0.004803
   Number of active neurons: 6
 >> iter 21000, loss: 0.004435
 >> iter 22000, loss: 0.004148
 >> iter 23000, loss: 0.003903
 >> iter 24000, loss: 0.003692
 >> iter 25000, loss: 0.003505
 >> iter 26000, loss: 0.003336
 >> iter 27000, loss: 0.003185
 >> iter 28000, loss: 0.003047
 >> iter 29000, loss: 0.002921
 >> iter 30000, loss: 0.002807
   Number of active neurons: 6
 >> iter 31000, loss: 0.002700
 >> iter 32000, loss: 0.002604
 >> iter 33000, loss: 0.002510
 >> iter 34000, loss: 0.002429
 >> iter 35000, loss: 0.002346
 >> iter 36000, loss: 0.002276
 >> iter 37000, loss: 0.002203
 >> iter 38000, loss: 0.002140
 >> iter 39000, loss: 0.002076
 >> iter 40000, loss: 0.002021
   Number of active neurons: 6
 >> iter 41000, loss: 0.001962
 >> iter 42000, loss: 0.001913
 >> iter 43000, loss: 0.001860
 >> iter 44000, loss: 0.001817
 >> iter 45000, loss: 0.001769
 >> iter 46000, loss: 0.001729
 >> iter 47000, loss: 0.001685
 >> iter 48000, loss: 0.001651
 >> iter 49000, loss: 0.001608
 >> iter 50000, loss: 0.001578
   Number of active neurons: 6
 >> iter 51000, loss: 0.001538
 >> iter 52000, loss: 0.001513
 >> iter 53000, loss: 0.001474
 >> iter 54000, loss: 0.001451
 >> iter 55000, loss: 0.001415
 >> iter 56000, loss: 0.001395
 >> iter 57000, loss: 0.001361
 >> iter 58000, loss: 0.001342
 >> iter 59000, loss: 0.001311
 >> iter 60000, loss: 0.001294
   Number of active neurons: 6
 >> iter 61000, loss: 0.001265
 >> iter 62000, loss: 0.001249
 >> iter 63000, loss: 0.001222
 >> iter 64000, loss: 0.001209
 >> iter 65000, loss: 0.001182
 >> iter 66000, loss: 0.001170
 >> iter 67000, loss: 0.001145
 >> iter 68000, loss: 0.001134
 >> iter 69000, loss: 0.001108
 >> iter 70000, loss: 0.001099
   Number of active neurons: 6
 >> iter 71000, loss: 0.001075
 >> iter 72000, loss: 0.001066
 >> iter 73000, loss: 0.001044
 >> iter 74000, loss: 0.001035
 >> iter 75000, loss: 0.001015
 ----------- DONE -----------

 > Ejecucion 5:
   - Train: 0.0
   - Test - Long: 0.0
   - Test - Big: 0.0
   - Test - A: 0.0
   - Test - B: 15.2389840677
data INPUT has 50001 characters, 3 unique.
data OUTPUT has 50001 characters, 2 unique.
Función de activación: TANH
 > Entrenando...
 >> iter 0, loss: 27.455169
   Number of active neurons: 0
 >> iter 1000, loss: 18.426575
 >> iter 2000, loss: 7.307538
 >> iter 3000, loss: 2.723145
 >> iter 4000, loss: 1.019027
 >> iter 5000, loss: 0.386895
 >> iter 6000, loss: 0.151303
 >> iter 7000, loss: 0.063008
 >> iter 8000, loss: 0.029189
 >> iter 9000, loss: 0.015967
 >> iter 10000, loss: 0.010352
   Number of active neurons: 6
 >> iter 11000, loss: 0.007839
 >> iter 12000, loss: 0.006438
 >> iter 13000, loss: 0.005639
 >> iter 14000, loss: 0.005014
 >> iter 15000, loss: 0.004588
 >> iter 16000, loss: 0.004188
 >> iter 17000, loss: 0.003901
 >> iter 18000, loss: 0.003608
 >> iter 19000, loss: 0.003396
 >> iter 20000, loss: 0.003169
   Number of active neurons: 6
 >> iter 21000, loss: 0.003008
 >> iter 22000, loss: 0.002828
 >> iter 23000, loss: 0.002697
 >> iter 24000, loss: 0.002549
 >> iter 25000, loss: 0.002443
 >> iter 26000, loss: 0.002319
 >> iter 27000, loss: 0.002231
 >> iter 28000, loss: 0.002127
 >> iter 29000, loss: 0.002053
 >> iter 30000, loss: 0.001964
   Number of active neurons: 6
 >> iter 31000, loss: 0.001901
 >> iter 32000, loss: 0.001823
 >> iter 33000, loss: 0.001770
 >> iter 34000, loss: 0.001702
 >> iter 35000, loss: 0.001655
 >> iter 36000, loss: 0.001596
 >> iter 37000, loss: 0.001554
 >> iter 38000, loss: 0.001501
 >> iter 39000, loss: 0.001465
 >> iter 40000, loss: 0.001418
   Number of active neurons: 6
 >> iter 41000, loss: 0.001385
 >> iter 42000, loss: 0.001343
 >> iter 43000, loss: 0.001313
 >> iter 44000, loss: 0.001276
 >> iter 45000, loss: 0.001249
 >> iter 46000, loss: 0.001214
 >> iter 47000, loss: 0.001190
 >> iter 48000, loss: 0.001159
 >> iter 49000, loss: 0.001136
 >> iter 50000, loss: 0.001108
   Number of active neurons: 6
 >> iter 51000, loss: 0.001087
 >> iter 52000, loss: 0.001062
 >> iter 53000, loss: 0.001042
 >> iter 54000, loss: 0.001019
 >> iter 55000, loss: 0.001000
 ----------- DONE -----------

 > Ejecucion 6:
   - Train: 0.0
   - Test - Long: 0.0
   - Test - Big: 0.0
   - Test - A: 0.0
   - Test - B: 4.93967068862
data INPUT has 50001 characters, 3 unique.
data OUTPUT has 50001 characters, 2 unique.
Función de activación: TANH
 > Entrenando...
 >> iter 0, loss: 27.455170
   Number of active neurons: 0
 >> iter 1000, loss: 18.379537
 >> iter 2000, loss: 7.197215
 >> iter 3000, loss: 2.693909
 >> iter 4000, loss: 1.011918
 >> iter 5000, loss: 0.388179
 >> iter 6000, loss: 0.154071
 >> iter 7000, loss: 0.066749
 >> iter 8000, loss: 0.032208
 >> iter 9000, loss: 0.019242
 >> iter 10000, loss: 0.012870
   Number of active neurons: 6
 >> iter 11000, loss: 0.014385
 >> iter 12000, loss: 0.009932
 >> iter 13000, loss: 0.008374
 >> iter 14000, loss: 0.006952
 >> iter 15000, loss: 0.006072
 >> iter 16000, loss: 0.005430
 >> iter 17000, loss: 0.005057
 >> iter 18000, loss: 0.004646
 >> iter 19000, loss: 0.004386
 >> iter 20000, loss: 0.004085
   Number of active neurons: 6
 >> iter 21000, loss: 0.003892
 >> iter 22000, loss: 0.003654
 >> iter 23000, loss: 0.003499
 >> iter 24000, loss: 0.003304
 >> iter 25000, loss: 0.003177
 >> iter 26000, loss: 0.003014
 >> iter 27000, loss: 0.002908
 >> iter 28000, loss: 0.002770
 >> iter 29000, loss: 0.002681
 >> iter 30000, loss: 0.002564
   Number of active neurons: 6
 >> iter 31000, loss: 0.002488
 >> iter 32000, loss: 0.002384
 >> iter 33000, loss: 0.002318
 >> iter 34000, loss: 0.002229
 >> iter 35000, loss: 0.002170
 >> iter 36000, loss: 0.002092
 >> iter 37000, loss: 0.002040
 >> iter 38000, loss: 0.001970
 >> iter 39000, loss: 0.001924
 >> iter 40000, loss: 0.001861
   Number of active neurons: 6
 >> iter 41000, loss: 0.001820
 >> iter 42000, loss: 0.001763
 >> iter 43000, loss: 0.001725
 >> iter 44000, loss: 0.001675
 >> iter 45000, loss: 0.001642
 >> iter 46000, loss: 0.001594
 >> iter 47000, loss: 0.001563
 >> iter 48000, loss: 0.001522
 >> iter 49000, loss: 0.001492
 >> iter 50000, loss: 0.001454
   Number of active neurons: 6
 >> iter 51000, loss: 0.001427
 >> iter 52000, loss: 0.001394
 >> iter 53000, loss: 0.001367
 >> iter 54000, loss: 0.001337
 >> iter 55000, loss: 0.001312
 >> iter 56000, loss: 0.001284
 >> iter 57000, loss: 0.001262
 >> iter 58000, loss: 0.001235
 >> iter 59000, loss: 0.001214
 >> iter 60000, loss: 0.001190
   Number of active neurons: 6
 >> iter 61000, loss: 0.001170
 >> iter 62000, loss: 0.001146
 >> iter 63000, loss: 0.001129
 >> iter 64000, loss: 0.001108
 >> iter 65000, loss: 0.001091
 >> iter 66000, loss: 0.001071
 >> iter 67000, loss: 0.001055
 >> iter 68000, loss: 0.001037
 >> iter 69000, loss: 0.001021
 >> iter 70000, loss: 0.001004
   Number of active neurons: 6
 ----------- DONE -----------

 > Ejecucion 7:
   - Train: 0.0
   - Test - Long: 0.0
   - Test - Big: 0.0
   - Test - A: 0.0
   - Test - B: 22.9851343244
data INPUT has 50001 characters, 3 unique.
data OUTPUT has 50001 characters, 2 unique.
Función de activación: TANH
 > Entrenando...
 >> iter 0, loss: 27.455172
   Number of active neurons: 0
 >> iter 1000, loss: 18.638448
 >> iter 2000, loss: 8.590420
 >> iter 3000, loss: 3.259968
 >> iter 4000, loss: 1.225833
 >> iter 5000, loss: 0.504733
 >> iter 6000, loss: 0.198558
 >> iter 7000, loss: 0.082913
 >> iter 8000, loss: 0.038189
 >> iter 9000, loss: 0.020547
 >> iter 10000, loss: 0.012997
   Number of active neurons: 6
 >> iter 11000, loss: 0.009624
 >> iter 12000, loss: 0.007760
 >> iter 13000, loss: 0.006723
 >> iter 14000, loss: 0.005927
 >> iter 15000, loss: 0.005400
 >> iter 16000, loss: 0.004909
 >> iter 17000, loss: 0.004566
 >> iter 18000, loss: 0.004213
 >> iter 19000, loss: 0.003964
 >> iter 20000, loss: 0.003693
   Number of active neurons: 6
 >> iter 21000, loss: 0.003507
 >> iter 22000, loss: 0.003294
 >> iter 23000, loss: 0.003144
 >> iter 24000, loss: 0.002970
 >> iter 25000, loss: 0.002848
 >> iter 26000, loss: 0.002703
 >> iter 27000, loss: 0.002603
 >> iter 28000, loss: 0.002481
 >> iter 29000, loss: 0.002396
 >> iter 30000, loss: 0.002292
   Number of active neurons: 6
 >> iter 31000, loss: 0.002222
 >> iter 32000, loss: 0.002130
 >> iter 33000, loss: 0.002070
 >> iter 34000, loss: 0.001992
 >> iter 35000, loss: 0.001939
 >> iter 36000, loss: 0.001870
 >> iter 37000, loss: 0.001824
 >> iter 38000, loss: 0.001761
 >> iter 39000, loss: 0.001722
 >> iter 40000, loss: 0.001666
   Number of active neurons: 6
 >> iter 41000, loss: 0.001629
 >> iter 42000, loss: 0.001579
 >> iter 43000, loss: 0.001546
 >> iter 44000, loss: 0.001502
 >> iter 45000, loss: 0.001473
 >> iter 46000, loss: 0.001431
 >> iter 47000, loss: 0.001404
 >> iter 48000, loss: 0.001368
 >> iter 49000, loss: 0.001341
 >> iter 50000, loss: 0.001309
   Number of active neurons: 6
 >> iter 51000, loss: 0.001284
 >> iter 52000, loss: 0.001256
 >> iter 53000, loss: 0.001232
 >> iter 54000, loss: 0.001206
 >> iter 55000, loss: 0.001183
 >> iter 56000, loss: 0.001160
 >> iter 57000, loss: 0.001139
 >> iter 58000, loss: 0.001117
 >> iter 59000, loss: 0.001098
 >> iter 60000, loss: 0.001078
   Number of active neurons: 6
 >> iter 61000, loss: 0.001059
 >> iter 62000, loss: 0.001041
 >> iter 63000, loss: 0.001024
 >> iter 64000, loss: 0.001008
 ----------- DONE -----------

 > Ejecucion 8:
   - Train: 0.0
   - Test - Long: 0.0549972501375
   - Test - Big: 0.0
   - Test - A: 21.5385640957
   - Test - B: 0.0
data INPUT has 50001 characters, 3 unique.
data OUTPUT has 50001 characters, 2 unique.
Función de activación: TANH
 > Entrenando...
 >> iter 0, loss: 27.455169
   Number of active neurons: 0
 >> iter 1000, loss: 17.636357
 >> iter 2000, loss: 6.952289
 >> iter 3000, loss: 2.625810
 >> iter 4000, loss: 0.987701
 >> iter 5000, loss: 0.376155
 >> iter 6000, loss: 0.147896
 >> iter 7000, loss: 0.062119
 >> iter 8000, loss: 0.029165
 >> iter 9000, loss: 0.016176
 >> iter 10000, loss: 0.010622
   Number of active neurons: 6
 >> iter 11000, loss: 0.008074
 >> iter 12000, loss: 0.006654
 >> iter 13000, loss: 0.005805
 >> iter 14000, loss: 0.005165
 >> iter 15000, loss: 0.004699
 >> iter 16000, loss: 0.004292
 >> iter 17000, loss: 0.003974
 >> iter 18000, loss: 0.003680
 >> iter 19000, loss: 0.003443
 >> iter 20000, loss: 0.003217
   Number of active neurons: 6
 >> iter 21000, loss: 0.003038
 >> iter 22000, loss: 0.002858
 >> iter 23000, loss: 0.002714
 >> iter 24000, loss: 0.002567
 >> iter 25000, loss: 0.002450
 >> iter 26000, loss: 0.002328
 >> iter 27000, loss: 0.002230
 >> iter 28000, loss: 0.002128
 >> iter 29000, loss: 0.002046
 >> iter 30000, loss: 0.001960
   Number of active neurons: 6
 >> iter 31000, loss: 0.001891
 >> iter 32000, loss: 0.001816
 >> iter 33000, loss: 0.001756
 >> iter 34000, loss: 0.001691
 >> iter 35000, loss: 0.001639
 >> iter 36000, loss: 0.001583
 >> iter 37000, loss: 0.001538
 >> iter 38000, loss: 0.001487
 >> iter 39000, loss: 0.001448
 >> iter 40000, loss: 0.001402
   Number of active neurons: 6
 >> iter 41000, loss: 0.001367
 >> iter 42000, loss: 0.001326
 >> iter 43000, loss: 0.001294
 >> iter 44000, loss: 0.001258
 >> iter 45000, loss: 0.001230
 >> iter 46000, loss: 0.001196
 >> iter 47000, loss: 0.001170
 >> iter 48000, loss: 0.001141
 >> iter 49000, loss: 0.001116
 >> iter 50000, loss: 0.001090
   Number of active neurons: 6
 >> iter 51000, loss: 0.001066
 >> iter 52000, loss: 0.001044
 >> iter 53000, loss: 0.001021
 ----------- DONE -----------

 > Ejecucion 9:
   - Train: 0.0
   - Test - Long: 0.029998500075
   - Test - Big: 0.000999990000096
   - Test - A: 0.0
   - Test - B: 0.0599960002667
data INPUT has 50001 characters, 3 unique.
data OUTPUT has 50001 characters, 2 unique.
Función de activación: TANH
 > Entrenando...
 >> iter 0, loss: 27.455171
   Number of active neurons: 0
 >> iter 1000, loss: 18.744699
 >> iter 2000, loss: 8.229461
 >> iter 3000, loss: 3.065204
 >> iter 4000, loss: 1.145657
 >> iter 5000, loss: 0.432894
 >> iter 6000, loss: 0.167778
 >> iter 7000, loss: 0.068666
 >> iter 8000, loss: 0.031000
 >> iter 9000, loss: 0.016407
 >> iter 10000, loss: 0.010361
   Number of active neurons: 6
 >> iter 11000, loss: 0.007719
 >> iter 12000, loss: 0.006310
 >> iter 13000, loss: 0.005527
 >> iter 14000, loss: 0.004931
 >> iter 15000, loss: 0.004530
 >> iter 16000, loss: 0.004152
 >> iter 17000, loss: 0.003883
 >> iter 18000, loss: 0.003605
 >> iter 19000, loss: 0.003405
 >> iter 20000, loss: 0.003186
   Number of active neurons: 6
 >> iter 21000, loss: 0.003034
 >> iter 22000, loss: 0.002858
 >> iter 23000, loss: 0.002735
 >> iter 24000, loss: 0.002589
 >> iter 25000, loss: 0.002489
 >> iter 26000, loss: 0.002366
 >> iter 27000, loss: 0.002282
 >> iter 28000, loss: 0.002177
 >> iter 29000, loss: 0.002108
 >> iter 30000, loss: 0.002017
   Number of active neurons: 6
 >> iter 31000, loss: 0.001959
 >> iter 32000, loss: 0.001879
 >> iter 33000, loss: 0.001829
 >> iter 34000, loss: 0.001759
 >> iter 35000, loss: 0.001715
 >> iter 36000, loss: 0.001653
 >> iter 37000, loss: 0.001615
 >> iter 38000, loss: 0.001558
 >> iter 39000, loss: 0.001525
 >> iter 40000, loss: 0.001474
   Number of active neurons: 6
 >> iter 41000, loss: 0.001445
 >> iter 42000, loss: 0.001399
 >> iter 43000, loss: 0.001372
 >> iter 44000, loss: 0.001331
 >> iter 45000, loss: 0.001307
 >> iter 46000, loss: 0.001269
 >> iter 47000, loss: 0.001247
 >> iter 48000, loss: 0.001213
 >> iter 49000, loss: 0.001192
 >> iter 50000, loss: 0.001161
   Number of active neurons: 6
 >> iter 51000, loss: 0.001142
 >> iter 52000, loss: 0.001114
 >> iter 53000, loss: 0.001095
 >> iter 54000, loss: 0.001070
 >> iter 55000, loss: 0.001053
 >> iter 56000, loss: 0.001029
 >> iter 57000, loss: 0.001014
 ----------- DONE -----------

 > Ejecucion 10:
   - Train: 0.0
   - Test - Long: 0.0
   - Test - Big: 0.0
   - Test - A: 0.0
   - Test - B: 7.99280047997
data INPUT has 50001 characters, 3 unique.
data OUTPUT has 50001 characters, 2 unique.
Función de activación: TANH
 > Entrenando...
 >> iter 0, loss: 27.455170
   Number of active neurons: 0
 >> iter 1000, loss: 18.639439
 >> iter 2000, loss: 7.688737
 >> iter 3000, loss: 2.890488
 >> iter 4000, loss: 1.085316
 >> iter 5000, loss: 0.416890
 >> iter 6000, loss: 0.162467
 >> iter 7000, loss: 0.066736
 >> iter 8000, loss: 0.030164
 >> iter 9000, loss: 0.015905
 >> iter 10000, loss: 0.009954
   Number of active neurons: 6
 >> iter 11000, loss: 0.007315
 >> iter 12000, loss: 0.005917
 >> iter 13000, loss: 0.005153
 >> iter 14000, loss: 0.004580
 >> iter 15000, loss: 0.004156
 >> iter 16000, loss: 0.003795
 >> iter 17000, loss: 0.003513
 >> iter 18000, loss: 0.003257
 >> iter 19000, loss: 0.003050
 >> iter 20000, loss: 0.002856
   Number of active neurons: 6
 >> iter 21000, loss: 0.002700
 >> iter 22000, loss: 0.002548
 >> iter 23000, loss: 0.002425
 >> iter 24000, loss: 0.002301
 >> iter 25000, loss: 0.002198
 >> iter 26000, loss: 0.002095
 >> iter 27000, loss: 0.002012
 >> iter 28000, loss: 0.001926
 >> iter 29000, loss: 0.001853
 >> iter 30000, loss: 0.001780
   Number of active neurons: 6
 >> iter 31000, loss: 0.001720
 >> iter 32000, loss: 0.001656
 >> iter 33000, loss: 0.001603
 >> iter 34000, loss: 0.001548
 >> iter 35000, loss: 0.001503
 >> iter 36000, loss: 0.001455
 >> iter 37000, loss: 0.001413
 >> iter 38000, loss: 0.001370
 >> iter 39000, loss: 0.001335
 >> iter 40000, loss: 0.001297
   Number of active neurons: 6
 >> iter 41000, loss: 0.001263
 >> iter 42000, loss: 0.001229
 >> iter 43000, loss: 0.001200
 >> iter 44000, loss: 0.001170
 >> iter 45000, loss: 0.001143
 >> iter 46000, loss: 0.001115
 >> iter 47000, loss: 0.001090
 >> iter 48000, loss: 0.001066
 >> iter 49000, loss: 0.001042
 >> iter 50000, loss: 0.001020
   Number of active neurons: 6
 ----------- DONE -----------

 > Ejecucion 11:
   - Train: 0.0
   - Test - Long: 0.0
   - Test - Big: 0.0
   - Test - A: 0.0
   - Test - B: 0.10665955603
data INPUT has 50001 characters, 3 unique.
data OUTPUT has 50001 characters, 2 unique.
Función de activación: TANH
 > Entrenando...
 >> iter 0, loss: 27.455170
   Number of active neurons: 0
 >> iter 1000, loss: 18.848931
 >> iter 2000, loss: 8.357265
 >> iter 3000, loss: 3.220383
 >> iter 4000, loss: 1.269169
 >> iter 5000, loss: 0.655411
 >> iter 6000, loss: 0.330806
 >> iter 7000, loss: 0.136038
 >> iter 8000, loss: 0.060812
 >> iter 9000, loss: 0.031133
 >> iter 10000, loss: 0.018871
   Number of active neurons: 6
 >> iter 11000, loss: 0.013351
 >> iter 12000, loss: 0.010572
 >> iter 13000, loss: 0.008927
 >> iter 14000, loss: 0.007841
 >> iter 15000, loss: 0.007005
 >> iter 16000, loss: 0.006367
 >> iter 17000, loss: 0.005812
 >> iter 18000, loss: 0.005369
 >> iter 19000, loss: 0.004956
 >> iter 20000, loss: 0.004629
   Number of active neurons: 6
 >> iter 21000, loss: 0.004313
 >> iter 22000, loss: 0.004060
 >> iter 23000, loss: 0.003809
 >> iter 24000, loss: 0.003608
 >> iter 25000, loss: 0.003403
 >> iter 26000, loss: 0.003241
 >> iter 27000, loss: 0.003070
 >> iter 28000, loss: 0.002940
 >> iter 29000, loss: 0.002796
 >> iter 30000, loss: 0.002689
   Number of active neurons: 6
 >> iter 31000, loss: 0.002566
 >> iter 32000, loss: 0.002478
 >> iter 33000, loss: 0.002370
 >> iter 34000, loss: 0.002296
 >> iter 35000, loss: 0.002202
 >> iter 36000, loss: 0.002139
 >> iter 37000, loss: 0.002055
 >> iter 38000, loss: 0.002000
 >> iter 39000, loss: 0.001926
 >> iter 40000, loss: 0.001879
   Number of active neurons: 6
 >> iter 41000, loss: 0.001810
 >> iter 42000, loss: 0.001771
 >> iter 43000, loss: 0.001707
 >> iter 44000, loss: 0.001674
 >> iter 45000, loss: 0.001616
 >> iter 46000, loss: 0.001585
 >> iter 47000, loss: 0.001531
 >> iter 48000, loss: 0.001506
 >> iter 49000, loss: 0.001455
 >> iter 50000, loss: 0.001434
   Number of active neurons: 6
 >> iter 51000, loss: 0.001386
 >> iter 52000, loss: 0.001369
 >> iter 53000, loss: 0.001323
 >> iter 54000, loss: 0.001308
 >> iter 55000, loss: 0.001265
 >> iter 56000, loss: 0.001253
 >> iter 57000, loss: 0.001212
 >> iter 58000, loss: 0.001203
 >> iter 59000, loss: 0.001163
 >> iter 60000, loss: 0.001156
   Number of active neurons: 6
 >> iter 61000, loss: 0.001119
 >> iter 62000, loss: 0.001112
 >> iter 63000, loss: 0.001078
 >> iter 64000, loss: 0.001072
 >> iter 65000, loss: 0.001040
 >> iter 66000, loss: 0.001035
 >> iter 67000, loss: 0.001004
 ----------- DONE -----------

 > Ejecucion 12:
   - Train: 0.0
   - Test - Long: 0.0
   - Test - Big: 0.00199998000021
   - Test - A: 0.0
   - Test - B: 0.0
data INPUT has 50001 characters, 3 unique.
data OUTPUT has 50001 characters, 2 unique.
Función de activación: TANH
 > Entrenando...
 >> iter 0, loss: 27.455171
   Number of active neurons: 0
 >> iter 1000, loss: 18.594374
 >> iter 2000, loss: 8.492073
 >> iter 3000, loss: 3.354394
 >> iter 4000, loss: 1.286608
 >> iter 5000, loss: 0.503211
 >> iter 6000, loss: 0.211119
 >> iter 7000, loss: 0.094804
 >> iter 8000, loss: 0.048837
 >> iter 9000, loss: 0.029892
 >> iter 10000, loss: 0.021225
   Number of active neurons: 6
 >> iter 11000, loss: 0.016898
 >> iter 12000, loss: 0.014229
 >> iter 13000, loss: 0.012518
 >> iter 14000, loss: 0.011131
 >> iter 15000, loss: 0.010108
 >> iter 16000, loss: 0.009159
 >> iter 17000, loss: 0.008436
 >> iter 18000, loss: 0.007721
 >> iter 19000, loss: 0.007172
 >> iter 20000, loss: 0.006616
   Number of active neurons: 6
 >> iter 21000, loss: 0.006192
 >> iter 22000, loss: 0.005756
 >> iter 23000, loss: 0.005415
 >> iter 24000, loss: 0.005068
 >> iter 25000, loss: 0.004793
 >> iter 26000, loss: 0.004513
 >> iter 27000, loss: 0.004288
 >> iter 28000, loss: 0.004061
 >> iter 29000, loss: 0.003875
 >> iter 30000, loss: 0.003688
   Number of active neurons: 6
 >> iter 31000, loss: 0.003533
 >> iter 32000, loss: 0.003376
 >> iter 33000, loss: 0.003243
 >> iter 34000, loss: 0.003112
 >> iter 35000, loss: 0.002998
 >> iter 36000, loss: 0.002884
 >> iter 37000, loss: 0.002786
 >> iter 38000, loss: 0.002685
 >> iter 39000, loss: 0.002601
 >> iter 40000, loss: 0.002513
   Number of active neurons: 6
 >> iter 41000, loss: 0.002437
 >> iter 42000, loss: 0.002362
 >> iter 43000, loss: 0.002292
 >> iter 44000, loss: 0.002228
 >> iter 45000, loss: 0.002165
 >> iter 46000, loss: 0.002106
 >> iter 47000, loss: 0.002048
 >> iter 48000, loss: 0.001998
 >> iter 49000, loss: 0.001943
 >> iter 50000, loss: 0.001898
   Number of active neurons: 6
 >> iter 51000, loss: 0.001848
 >> iter 52000, loss: 0.001810
 >> iter 53000, loss: 0.001762
 >> iter 54000, loss: 0.001727
 >> iter 55000, loss: 0.001683
 >> iter 56000, loss: 0.001652
 >> iter 57000, loss: 0.001612
 >> iter 58000, loss: 0.001583
 >> iter 59000, loss: 0.001546
 >> iter 60000, loss: 0.001521
   Number of active neurons: 6
 >> iter 61000, loss: 0.001485
 >> iter 62000, loss: 0.001462
 >> iter 63000, loss: 0.001430
 >> iter 64000, loss: 0.001409
 >> iter 65000, loss: 0.001378
 >> iter 66000, loss: 0.001359
 >> iter 67000, loss: 0.001330
 >> iter 68000, loss: 0.001313
 >> iter 69000, loss: 0.001283
 >> iter 70000, loss: 0.001269
   Number of active neurons: 6
 >> iter 71000, loss: 0.001241
 >> iter 72000, loss: 0.001228
 >> iter 73000, loss: 0.001202
 >> iter 74000, loss: 0.001189
 >> iter 75000, loss: 0.001165
 >> iter 76000, loss: 0.001154
 >> iter 77000, loss: 0.001129
 >> iter 78000, loss: 0.001119
 >> iter 79000, loss: 0.001096
 >> iter 80000, loss: 0.001087
   Number of active neurons: 6
 >> iter 81000, loss: 0.001065
 >> iter 82000, loss: 0.001056
 >> iter 83000, loss: 0.001035
 >> iter 84000, loss: 0.001027
 >> iter 85000, loss: 0.001008
 ----------- DONE -----------

 > Ejecucion 13:
   - Train: 0.0
   - Test - Long: 0.0
   - Test - Big: 0.0
   - Test - A: 0.0
   - Test - B: 11.5858942737
data INPUT has 50001 characters, 3 unique.
data OUTPUT has 50001 characters, 2 unique.
Función de activación: TANH
 > Entrenando...
 >> iter 0, loss: 27.455171
   Number of active neurons: 0
 >> iter 1000, loss: 18.305138
 >> iter 2000, loss: 7.354638
 >> iter 3000, loss: 2.733639
 >> iter 4000, loss: 1.020271
 >> iter 5000, loss: 0.385613
 >> iter 6000, loss: 0.149659
 >> iter 7000, loss: 0.061399
 >> iter 8000, loss: 0.027869
 >> iter 9000, loss: 0.014814
 >> iter 10000, loss: 0.009418
   Number of active neurons: 6
 >> iter 11000, loss: 0.007016
 >> iter 12000, loss: 0.005737
 >> iter 13000, loss: 0.005015
 >> iter 14000, loss: 0.004449
 >> iter 15000, loss: 0.004087
 >> iter 16000, loss: 0.003732
 >> iter 17000, loss: 0.003494
 >> iter 18000, loss: 0.003231
 >> iter 19000, loss: 0.003057
 >> iter 20000, loss: 0.002852
   Number of active neurons: 6
 >> iter 21000, loss: 0.002720
 >> iter 22000, loss: 0.002555
 >> iter 23000, loss: 0.002450
 >> iter 24000, loss: 0.002312
 >> iter 25000, loss: 0.002227
 >> iter 26000, loss: 0.002111
 >> iter 27000, loss: 0.002041
 >> iter 28000, loss: 0.001943
 >> iter 29000, loss: 0.001884
 >> iter 30000, loss: 0.001799
   Number of active neurons: 6
 >> iter 31000, loss: 0.001750
 >> iter 32000, loss: 0.001675
 >> iter 33000, loss: 0.001633
 >> iter 34000, loss: 0.001567
 >> iter 35000, loss: 0.001531
 >> iter 36000, loss: 0.001472
 >> iter 37000, loss: 0.001441
 >> iter 38000, loss: 0.001388
 >> iter 39000, loss: 0.001361
 >> iter 40000, loss: 0.001313
   Number of active neurons: 6
 >> iter 41000, loss: 0.001288
 >> iter 42000, loss: 0.001246
 >> iter 43000, loss: 0.001224
 >> iter 44000, loss: 0.001185
 >> iter 45000, loss: 0.001165
 >> iter 46000, loss: 0.001129
 >> iter 47000, loss: 0.001111
 >> iter 48000, loss: 0.001079
 >> iter 49000, loss: 0.001062
 >> iter 50000, loss: 0.001033
   Number of active neurons: 6
 >> iter 51000, loss: 0.001017
 ----------- DONE -----------

 > Ejecucion 14:
   - Train: 0.0
   - Test - Long: 0.0
   - Test - Big: 0.00199998000021
   - Test - A: 0.0
   - Test - B: 24.4383707753
data INPUT has 50001 characters, 3 unique.
data OUTPUT has 50001 characters, 2 unique.
Función de activación: TANH
 > Entrenando...
 >> iter 0, loss: 27.455170
   Number of active neurons: 0
 >> iter 1000, loss: 18.738839
 >> iter 2000, loss: 8.826903
 >> iter 3000, loss: 3.682299
 >> iter 4000, loss: 1.430600
 >> iter 5000, loss: 0.548863
 >> iter 6000, loss: 0.217163
 >> iter 7000, loss: 0.091369
 >> iter 8000, loss: 0.042970
 >> iter 9000, loss: 0.023540
 >> iter 10000, loss: 0.015211
   Number of active neurons: 6
 >> iter 11000, loss: 0.011418
 >> iter 12000, loss: 0.009312
 >> iter 13000, loss: 0.008091
 >> iter 14000, loss: 0.007164
 >> iter 15000, loss: 0.006519
 >> iter 16000, loss: 0.005937
 >> iter 17000, loss: 0.005507
 >> iter 18000, loss: 0.005087
 >> iter 19000, loss: 0.004772
 >> iter 20000, loss: 0.004451
   Number of active neurons: 6
 >> iter 21000, loss: 0.004212
 >> iter 22000, loss: 0.003957
 >> iter 23000, loss: 0.003766
 >> iter 24000, loss: 0.003557
 >> iter 25000, loss: 0.003403
 >> iter 26000, loss: 0.003229
 >> iter 27000, loss: 0.003101
 >> iter 28000, loss: 0.002955
 >> iter 29000, loss: 0.002848
 >> iter 30000, loss: 0.002723
   Number of active neurons: 6
 >> iter 31000, loss: 0.002636
 >> iter 32000, loss: 0.002526
 >> iter 33000, loss: 0.002450
 >> iter 34000, loss: 0.002354
 >> iter 35000, loss: 0.002289
 >> iter 36000, loss: 0.002203
 >> iter 37000, loss: 0.002147
 >> iter 38000, loss: 0.002070
 >> iter 39000, loss: 0.002021
 >> iter 40000, loss: 0.001953
   Number of active neurons: 6
 >> iter 41000, loss: 0.001908
 >> iter 42000, loss: 0.001847
 >> iter 43000, loss: 0.001807
 >> iter 44000, loss: 0.001753
 >> iter 45000, loss: 0.001717
 >> iter 46000, loss: 0.001666
 >> iter 47000, loss: 0.001634
 >> iter 48000, loss: 0.001589
 >> iter 49000, loss: 0.001558
 >> iter 50000, loss: 0.001517
   Number of active neurons: 6
 >> iter 51000, loss: 0.001490
 >> iter 52000, loss: 0.001453
 >> iter 53000, loss: 0.001426
 >> iter 54000, loss: 0.001393
 >> iter 55000, loss: 0.001368
 >> iter 56000, loss: 0.001337
 >> iter 57000, loss: 0.001315
 >> iter 58000, loss: 0.001286
 >> iter 59000, loss: 0.001265
 >> iter 60000, loss: 0.001239
   Number of active neurons: 6
 >> iter 61000, loss: 0.001219
 >> iter 62000, loss: 0.001194
 >> iter 63000, loss: 0.001177
 >> iter 64000, loss: 0.001154
 >> iter 65000, loss: 0.001138
 >> iter 66000, loss: 0.001116
 >> iter 67000, loss: 0.001100
 >> iter 68000, loss: 0.001080
 >> iter 69000, loss: 0.001065
 >> iter 70000, loss: 0.001046
   Number of active neurons: 6
 >> iter 71000, loss: 0.001032
 >> iter 72000, loss: 0.001014
 >> iter 73000, loss: 0.001002
 ----------- DONE -----------

 > Ejecucion 15:
   - Train: 0.0
   - Test - Long: 0.0
   - Test - Big: 0.0
   - Test - A: 0.0
   - Test - B: 0.0
data INPUT has 50001 characters, 3 unique.
data OUTPUT has 50001 characters, 2 unique.
Función de activación: TANH
 > Entrenando...
 >> iter 0, loss: 27.455170
   Number of active neurons: 0
 >> iter 1000, loss: 18.818701
 >> iter 2000, loss: 8.105175
 >> iter 3000, loss: 3.057891
 >> iter 4000, loss: 1.159776
 >> iter 5000, loss: 0.451666
 >> iter 6000, loss: 0.184512
 >> iter 7000, loss: 0.082913
 >> iter 8000, loss: 0.042847
 >> iter 9000, loss: 0.026594
 >> iter 10000, loss: 0.019099
   Number of active neurons: 6
 >> iter 11000, loss: 0.015471
 >> iter 12000, loss: 0.013163
 >> iter 13000, loss: 0.011752
 >> iter 14000, loss: 0.010560
 >> iter 15000, loss: 0.009724
 >> iter 16000, loss: 0.008920
 >> iter 17000, loss: 0.008335
 >> iter 18000, loss: 0.007737
 >> iter 19000, loss: 0.007294
 >> iter 20000, loss: 0.006829
   Number of active neurons: 6
 >> iter 21000, loss: 0.006490
 >> iter 22000, loss: 0.006115
 >> iter 23000, loss: 0.005842
 >> iter 24000, loss: 0.005534
 >> iter 25000, loss: 0.005307
 >> iter 26000, loss: 0.005050
 >> iter 27000, loss: 0.004859
 >> iter 28000, loss: 0.004644
 >> iter 29000, loss: 0.004479
 >> iter 30000, loss: 0.004297
   Number of active neurons: 6
 >> iter 31000, loss: 0.004158
 >> iter 32000, loss: 0.003997
 >> iter 33000, loss: 0.003875
 >> iter 34000, loss: 0.003739
 >> iter 35000, loss: 0.003628
 >> iter 36000, loss: 0.003512
 >> iter 37000, loss: 0.003413
 >> iter 38000, loss: 0.003309
 >> iter 39000, loss: 0.003220
 >> iter 40000, loss: 0.003128
   Number of active neurons: 6
 >> iter 41000, loss: 0.003046
 >> iter 42000, loss: 0.002964
 >> iter 43000, loss: 0.002890
 >> iter 44000, loss: 0.002817
 >> iter 45000, loss: 0.002752
 >> iter 46000, loss: 0.002682
 >> iter 47000, loss: 0.002621
 >> iter 48000, loss: 0.002563
 >> iter 49000, loss: 0.002503
 >> iter 50000, loss: 0.002450
   Number of active neurons: 6
 >> iter 51000, loss: 0.002395
 >> iter 52000, loss: 0.002350
 >> iter 53000, loss: 0.002297
 >> iter 54000, loss: 0.002254
 >> iter 55000, loss: 0.002205
 >> iter 56000, loss: 0.002166
 >> iter 57000, loss: 0.002121
 >> iter 58000, loss: 0.002085
 >> iter 59000, loss: 0.002042
 >> iter 60000, loss: 0.002011
   Number of active neurons: 6
 >> iter 61000, loss: 0.001969
 >> iter 62000, loss: 0.001939
 >> iter 63000, loss: 0.001901
 >> iter 64000, loss: 0.001875
 >> iter 65000, loss: 0.001839
 >> iter 66000, loss: 0.001814
 >> iter 67000, loss: 0.001780
 >> iter 68000, loss: 0.001758
 >> iter 69000, loss: 0.001723
 >> iter 70000, loss: 0.001703
   Number of active neurons: 6
 >> iter 71000, loss: 0.001671
 >> iter 72000, loss: 0.001651
 >> iter 73000, loss: 0.001622
 >> iter 74000, loss: 0.001603
 >> iter 75000, loss: 0.001575
 >> iter 76000, loss: 0.001559
 >> iter 77000, loss: 0.001530
 >> iter 78000, loss: 0.001516
 >> iter 79000, loss: 0.001488
 >> iter 80000, loss: 0.001474
   Number of active neurons: 6
 >> iter 81000, loss: 0.001448
 >> iter 82000, loss: 0.001436
 >> iter 83000, loss: 0.001410
 >> iter 84000, loss: 0.001398
 >> iter 85000, loss: 0.001375
 >> iter 86000, loss: 0.001364
 >> iter 87000, loss: 0.001341
 >> iter 88000, loss: 0.001331
 >> iter 89000, loss: 0.001307
 >> iter 90000, loss: 0.001299
   Number of active neurons: 6
 >> iter 91000, loss: 0.001276
 >> iter 92000, loss: 0.001268
 >> iter 93000, loss: 0.001246
 >> iter 94000, loss: 0.001239
 >> iter 95000, loss: 0.001219
 >> iter 96000, loss: 0.001210
 >> iter 97000, loss: 0.001192
 >> iter 98000, loss: 0.001183
 >> iter 99000, loss: 0.001167
 >> iter 100000, loss: 0.001157
   Number of active neurons: 6
 ----------- DONE -----------

 > Ejecucion 16:
   - Train: 0.0
   - Test - Long: 0.0
   - Test - Big: 0.0
   - Test - A: 0.0
   - Test - B: 25.0049996667
data INPUT has 50001 characters, 3 unique.
data OUTPUT has 50001 characters, 2 unique.
Función de activación: TANH
 > Entrenando...
 >> iter 0, loss: 27.455171
   Number of active neurons: 0
 >> iter 1000, loss: 18.590612
 >> iter 2000, loss: 7.466629
 >> iter 3000, loss: 2.842360
 >> iter 4000, loss: 1.068133
 >> iter 5000, loss: 0.406052
 >> iter 6000, loss: 0.159461
 >> iter 7000, loss: 0.066452
 >> iter 8000, loss: 0.030893
 >> iter 9000, loss: 0.016896
 >> iter 10000, loss: 0.011006
   Number of active neurons: 6
 >> iter 11000, loss: 0.008319
 >> iter 12000, loss: 0.006869
 >> iter 13000, loss: 0.005999
 >> iter 14000, loss: 0.005364
 >> iter 15000, loss: 0.004893
 >> iter 16000, loss: 0.004491
 >> iter 17000, loss: 0.004171
 >> iter 18000, loss: 0.003878
 >> iter 19000, loss: 0.003638
 >> iter 20000, loss: 0.003412
   Number of active neurons: 6
 >> iter 21000, loss: 0.003228
 >> iter 22000, loss: 0.003049
 >> iter 23000, loss: 0.002900
 >> iter 24000, loss: 0.002753
 >> iter 25000, loss: 0.002630
 >> iter 26000, loss: 0.002508
 >> iter 27000, loss: 0.002405
 >> iter 28000, loss: 0.002302
 >> iter 29000, loss: 0.002215
 >> iter 30000, loss: 0.002128
   Number of active neurons: 6
 >> iter 31000, loss: 0.002054
 >> iter 32000, loss: 0.001978
 >> iter 33000, loss: 0.001913
 >> iter 34000, loss: 0.001848
 >> iter 35000, loss: 0.001791
 >> iter 36000, loss: 0.001734
 >> iter 37000, loss: 0.001683
 >> iter 38000, loss: 0.001632
 >> iter 39000, loss: 0.001587
 >> iter 40000, loss: 0.001543
   Number of active neurons: 6
 >> iter 41000, loss: 0.001501
 >> iter 42000, loss: 0.001461
 >> iter 43000, loss: 0.001424
 >> iter 44000, loss: 0.001389
 >> iter 45000, loss: 0.001355
 >> iter 46000, loss: 0.001322
 >> iter 47000, loss: 0.001291
 >> iter 48000, loss: 0.001263
 >> iter 49000, loss: 0.001233
 >> iter 50000, loss: 0.001207
   Number of active neurons: 6
 >> iter 51000, loss: 0.001180
 >> iter 52000, loss: 0.001157
 >> iter 53000, loss: 0.001131
 >> iter 54000, loss: 0.001111
 >> iter 55000, loss: 0.001086
 >> iter 56000, loss: 0.001067
 >> iter 57000, loss: 0.001045
 >> iter 58000, loss: 0.001027
 >> iter 59000, loss: 0.001006
 ----------- DONE -----------

 > Ejecucion 17:
   - Train: 0.0
   - Test - Long: 0.0
   - Test - Big: 0.0
   - Test - A: 13.4857676155
   - Test - B: 14.0590627292
data INPUT has 50001 characters, 3 unique.
data OUTPUT has 50001 characters, 2 unique.
Función de activación: TANH
 > Entrenando...
 >> iter 0, loss: 27.455170
   Number of active neurons: 0
 >> iter 1000, loss: 18.248714
 >> iter 2000, loss: 7.528871
 >> iter 3000, loss: 2.856758
 >> iter 4000, loss: 1.084973
 >> iter 5000, loss: 0.427956
 >> iter 6000, loss: 0.171333
 >> iter 7000, loss: 0.082674
 >> iter 8000, loss: 0.039923
 >> iter 9000, loss: 0.027229
 >> iter 10000, loss: 0.017365
   Number of active neurons: 6
 >> iter 11000, loss: 0.013501
 >> iter 12000, loss: 0.010610
 >> iter 13000, loss: 0.008973
 >> iter 14000, loss: 0.007856
 >> iter 15000, loss: 0.007862
 >> iter 16000, loss: 0.006914
 >> iter 17000, loss: 0.006182
 >> iter 18000, loss: 0.005636
 >> iter 19000, loss: 0.005319
 >> iter 20000, loss: 0.004930
   Number of active neurons: 6
 >> iter 21000, loss: 0.004635
 >> iter 22000, loss: 0.004353
 >> iter 23000, loss: 0.004223
 >> iter 24000, loss: 0.003965
 >> iter 25000, loss: 0.003757
 >> iter 26000, loss: 0.003567
 >> iter 27000, loss: 0.003463
 >> iter 28000, loss: 0.003291
 >> iter 29000, loss: 0.003151
 >> iter 30000, loss: 0.003018
   Number of active neurons: 6
 >> iter 31000, loss: 0.002936
 >> iter 32000, loss: 0.002811
 >> iter 33000, loss: 0.002715
 >> iter 34000, loss: 0.002616
 >> iter 35000, loss: 0.002546
 >> iter 36000, loss: 0.002459
 >> iter 37000, loss: 0.002384
 >> iter 38000, loss: 0.002309
 >> iter 39000, loss: 0.002249
 >> iter 40000, loss: 0.002181
   Number of active neurons: 6
 >> iter 41000, loss: 0.002123
 >> iter 42000, loss: 0.002064
 >> iter 43000, loss: 0.002012
 >> iter 44000, loss: 0.001960
 >> iter 45000, loss: 0.001913
 >> iter 46000, loss: 0.001864
 >> iter 47000, loss: 0.001821
 >> iter 48000, loss: 0.001779
 >> iter 49000, loss: 0.001738
 >> iter 50000, loss: 0.001700
   Number of active neurons: 6
 >> iter 51000, loss: 0.001662
 >> iter 52000, loss: 0.001629
 >> iter 53000, loss: 0.001593
 >> iter 54000, loss: 0.001562
 >> iter 55000, loss: 0.001528
 >> iter 56000, loss: 0.001500
 >> iter 57000, loss: 0.001469
 >> iter 58000, loss: 0.001443
 >> iter 59000, loss: 0.001413
 >> iter 60000, loss: 0.001391
   Number of active neurons: 6
 >> iter 61000, loss: 0.001362
 >> iter 62000, loss: 0.001341
 >> iter 63000, loss: 0.001315
 >> iter 64000, loss: 0.001296
 >> iter 65000, loss: 0.001272
 >> iter 66000, loss: 0.001253
 >> iter 67000, loss: 0.001230
 >> iter 68000, loss: 0.001213
 >> iter 69000, loss: 0.001191
 >> iter 70000, loss: 0.001175
   Number of active neurons: 6
 >> iter 71000, loss: 0.001155
 >> iter 72000, loss: 0.001139
 >> iter 73000, loss: 0.001120
 >> iter 74000, loss: 0.001106
 >> iter 75000, loss: 0.001088
 >> iter 76000, loss: 0.001075
 >> iter 77000, loss: 0.001057
 >> iter 78000, loss: 0.001045
 >> iter 79000, loss: 0.001028
 >> iter 80000, loss: 0.001016
   Number of active neurons: 6
 ----------- DONE -----------

 > Ejecucion 18:
   - Train: 0.0
   - Test - Long: 0.0
   - Test - Big: 0.0
   - Test - A: 0.0
   - Test - B: 11.8125458303
data INPUT has 50001 characters, 3 unique.
data OUTPUT has 50001 characters, 2 unique.
Función de activación: TANH
 > Entrenando...
 >> iter 0, loss: 27.455171
   Number of active neurons: 0
 >> iter 1000, loss: 18.465669
 >> iter 2000, loss: 7.674551
 >> iter 3000, loss: 2.957824
 >> iter 4000, loss: 1.160555
 >> iter 5000, loss: 0.445292
 >> iter 6000, loss: 0.177038
 >> iter 7000, loss: 0.075593
 >> iter 8000, loss: 0.036222
 >> iter 9000, loss: 0.020649
 >> iter 10000, loss: 0.013798
   Number of active neurons: 6
 >> iter 11000, loss: 0.010686
 >> iter 12000, loss: 0.008834
 >> iter 13000, loss: 0.007795
 >> iter 14000, loss: 0.006917
 >> iter 15000, loss: 0.006358
 >> iter 16000, loss: 0.005780
 >> iter 17000, loss: 0.005409
 >> iter 18000, loss: 0.004979
 >> iter 19000, loss: 0.004710
 >> iter 20000, loss: 0.004375
   Number of active neurons: 6
 >> iter 21000, loss: 0.004174
 >> iter 22000, loss: 0.003903
 >> iter 23000, loss: 0.003743
 >> iter 24000, loss: 0.003518
 >> iter 25000, loss: 0.003391
 >> iter 26000, loss: 0.003200
 >> iter 27000, loss: 0.003096
 >> iter 28000, loss: 0.002934
 >> iter 29000, loss: 0.002849
 >> iter 30000, loss: 0.002710
   Number of active neurons: 6
 >> iter 31000, loss: 0.002638
 >> iter 32000, loss: 0.002519
 >> iter 33000, loss: 0.002456
 >> iter 34000, loss: 0.002352
 >> iter 35000, loss: 0.002297
 >> iter 36000, loss: 0.002205
 >> iter 37000, loss: 0.002159
 >> iter 38000, loss: 0.002074
 >> iter 39000, loss: 0.002035
 >> iter 40000, loss: 0.001959
   Number of active neurons: 6
 >> iter 41000, loss: 0.001923
 >> iter 42000, loss: 0.001855
 >> iter 43000, loss: 0.001823
 >> iter 44000, loss: 0.001762
 >> iter 45000, loss: 0.001734
 >> iter 46000, loss: 0.001676
 >> iter 47000, loss: 0.001651
 >> iter 48000, loss: 0.001600
 >> iter 49000, loss: 0.001575
 >> iter 50000, loss: 0.001529
   Number of active neurons: 6
 >> iter 51000, loss: 0.001506
 >> iter 52000, loss: 0.001465
 >> iter 53000, loss: 0.001443
 >> iter 54000, loss: 0.001405
 >> iter 55000, loss: 0.001385
 >> iter 56000, loss: 0.001350
 >> iter 57000, loss: 0.001331
 >> iter 58000, loss: 0.001298
 >> iter 59000, loss: 0.001281
 >> iter 60000, loss: 0.001253
   Number of active neurons: 6
 >> iter 61000, loss: 0.001235
 >> iter 62000, loss: 0.001210
 >> iter 63000, loss: 0.001193
 >> iter 64000, loss: 0.001170
 >> iter 65000, loss: 0.001154
 >> iter 66000, loss: 0.001132
 >> iter 67000, loss: 0.001117
 >> iter 68000, loss: 0.001097
 >> iter 69000, loss: 0.001081
 >> iter 70000, loss: 0.001063
   Number of active neurons: 6
 >> iter 71000, loss: 0.001048
 >> iter 72000, loss: 0.001030
 >> iter 73000, loss: 0.001018
 ----------- DONE -----------

 > Ejecucion 19:
   - Train: 0.0
   - Test - Long: 0.0
   - Test - Big: 0.0
   - Test - A: 0.0
   - Test - B: 9.64602359843

 > Terminadas 20 ejecuciones...

---------------------------------------- TERMINADO OK ----------------------------------------

