 > Problema: tomita5nueva
 > Args:
   - Hidden size: 16
   - Noise level: 0.0
   - Regu L1: 0.0
   - Shock: 0.0
data INPUT has 50001 characters, 3 unique.
data OUTPUT has 50001 characters, 2 unique.
Función de activación: TANH
 > Entrenando...
 >> iter 0, loss: 27.455170
   Number of active neurons: 0
 >> iter 1000, loss: 15.533809
 >> iter 2000, loss: 10.510922
 >> iter 3000, loss: 8.654218
 >> iter 4000, loss: 7.952098
 >> iter 5000, loss: 7.701336
 >> iter 6000, loss: 7.593231
 >> iter 7000, loss: 7.555030
 >> iter 8000, loss: 7.210528
 >> iter 9000, loss: 6.523343
 >> iter 10000, loss: 2.935579
   Number of active neurons: 14
 >> iter 11000, loss: 1.119335
 >> iter 12000, loss: 0.432822
 >> iter 13000, loss: 0.174129
 >> iter 14000, loss: 0.075106
 >> iter 15000, loss: 0.036735
 >> iter 16000, loss: 0.020923
 >> iter 17000, loss: 0.014189
 >> iter 18000, loss: 0.010757
 >> iter 19000, loss: 0.008971
 >> iter 20000, loss: 0.007700
   Number of active neurons: 15
 >> iter 21000, loss: 0.006901
 >> iter 22000, loss: 0.006179
 >> iter 23000, loss: 0.005689
 >> iter 24000, loss: 0.005190
 >> iter 25000, loss: 0.004849
 >> iter 26000, loss: 0.004475
 >> iter 27000, loss: 0.004221
 >> iter 28000, loss: 0.003931
 >> iter 29000, loss: 0.003736
 >> iter 30000, loss: 0.003501
   Number of active neurons: 15
 >> iter 31000, loss: 0.003347
 >> iter 32000, loss: 0.003154
 >> iter 33000, loss: 0.003029
 >> iter 34000, loss: 0.002868
 >> iter 35000, loss: 0.002764
 >> iter 36000, loss: 0.002630
 >> iter 37000, loss: 0.002541
 >> iter 38000, loss: 0.002425
 >> iter 39000, loss: 0.002350
 >> iter 40000, loss: 0.002249
   Number of active neurons: 15
 >> iter 41000, loss: 0.002185
 >> iter 42000, loss: 0.002096
 >> iter 43000, loss: 0.002040
 >> iter 44000, loss: 0.001962
 >> iter 45000, loss: 0.001913
 >> iter 46000, loss: 0.001844
 >> iter 47000, loss: 0.001801
 >> iter 48000, loss: 0.001739
 >> iter 49000, loss: 0.001700
 >> iter 50000, loss: 0.001644
   Number of active neurons: 16
 >> iter 51000, loss: 0.001610
 >> iter 52000, loss: 0.001559
 >> iter 53000, loss: 0.001529
 >> iter 54000, loss: 0.001481
 >> iter 55000, loss: 0.001455
 >> iter 56000, loss: 0.001412
 >> iter 57000, loss: 0.001388
 >> iter 58000, loss: 0.001348
 >> iter 59000, loss: 0.001326
 >> iter 60000, loss: 0.001290
   Number of active neurons: 16
 >> iter 61000, loss: 0.001269
 >> iter 62000, loss: 0.001236
 >> iter 63000, loss: 0.001217
 >> iter 64000, loss: 0.001187
 >> iter 65000, loss: 0.001169
 >> iter 66000, loss: 0.001141
 >> iter 67000, loss: 0.001124
 >> iter 68000, loss: 0.001098
 >> iter 69000, loss: 0.001084
 >> iter 70000, loss: 0.001059
   Number of active neurons: 16
 >> iter 71000, loss: 0.001045
 >> iter 72000, loss: 0.001021
 >> iter 73000, loss: 0.001010
 ----------- DONE -----------

 > Ejecucion 0:
   - Train: 0.0
   - Test - Long: 0.0
   - Test - Big: 0.0
   - Test - A: 0.0
   - Test - B: 0.0
data INPUT has 50001 characters, 3 unique.
data OUTPUT has 50001 characters, 2 unique.
Función de activación: TANH
 > Entrenando...
 >> iter 0, loss: 27.455171
   Number of active neurons: 0
 >> iter 1000, loss: 15.527214
 >> iter 2000, loss: 10.510550
 >> iter 3000, loss: 8.616812
 >> iter 4000, loss: 7.301264
 >> iter 5000, loss: 2.783534
 >> iter 6000, loss: 1.047017
 >> iter 7000, loss: 0.399016
 >> iter 8000, loss: 0.156642
 >> iter 9000, loss: 0.065298
 >> iter 10000, loss: 0.030247
   Number of active neurons: 16
 >> iter 11000, loss: 0.016385
 >> iter 12000, loss: 0.010541
 >> iter 13000, loss: 0.007850
 >> iter 14000, loss: 0.006409
 >> iter 15000, loss: 0.005536
 >> iter 16000, loss: 0.004912
 >> iter 17000, loss: 0.004448
 >> iter 18000, loss: 0.004061
 >> iter 19000, loss: 0.003747
 >> iter 20000, loss: 0.003470
   Number of active neurons: 16
 >> iter 21000, loss: 0.003238
 >> iter 22000, loss: 0.003028
 >> iter 23000, loss: 0.002848
 >> iter 24000, loss: 0.002682
 >> iter 25000, loss: 0.002539
 >> iter 26000, loss: 0.002405
 >> iter 27000, loss: 0.002288
 >> iter 28000, loss: 0.002178
 >> iter 29000, loss: 0.002081
 >> iter 30000, loss: 0.001988
   Number of active neurons: 16
 >> iter 31000, loss: 0.001907
 >> iter 32000, loss: 0.001828
 >> iter 33000, loss: 0.001758
 >> iter 34000, loss: 0.001690
 >> iter 35000, loss: 0.001631
 >> iter 36000, loss: 0.001572
 >> iter 37000, loss: 0.001519
 >> iter 38000, loss: 0.001469
 >> iter 39000, loss: 0.001422
 >> iter 40000, loss: 0.001377
   Number of active neurons: 16
 >> iter 41000, loss: 0.001335
 >> iter 42000, loss: 0.001296
 >> iter 43000, loss: 0.001259
 >> iter 44000, loss: 0.001223
 >> iter 45000, loss: 0.001189
 >> iter 46000, loss: 0.001158
 >> iter 47000, loss: 0.001127
 >> iter 48000, loss: 0.001099
 >> iter 49000, loss: 0.001071
 >> iter 50000, loss: 0.001045
   Number of active neurons: 16
 >> iter 51000, loss: 0.001020
 ----------- DONE -----------

 > Ejecucion 1:
   - Train: 0.0
   - Test - Long: 0.0
   - Test - Big: 0.0
   - Test - A: 0.0
   - Test - B: 0.0
data INPUT has 50001 characters, 3 unique.
data OUTPUT has 50001 characters, 2 unique.
Función de activación: TANH
 > Entrenando...
 >> iter 0, loss: 27.455171
   Number of active neurons: 0
 >> iter 1000, loss: 15.570519
 >> iter 2000, loss: 10.536772
 >> iter 3000, loss: 8.663053
 >> iter 4000, loss: 7.944881
 >> iter 5000, loss: 7.676685
 >> iter 6000, loss: 7.437202
 >> iter 7000, loss: 6.775721
 >> iter 8000, loss: 5.810435
 >> iter 9000, loss: 3.697259
 >> iter 10000, loss: 1.409596
   Number of active neurons: 16
 >> iter 11000, loss: 0.540000
 >> iter 12000, loss: 0.211669
 >> iter 13000, loss: 0.087317
 >> iter 14000, loss: 0.039204
 >> iter 15000, loss: 0.020276
 >> iter 16000, loss: 0.012275
 >> iter 17000, loss: 0.008750
 >> iter 18000, loss: 0.006869
 >> iter 19000, loss: 0.005840
 >> iter 20000, loss: 0.005084
   Number of active neurons: 16
 >> iter 21000, loss: 0.004589
 >> iter 22000, loss: 0.004144
 >> iter 23000, loss: 0.003827
 >> iter 24000, loss: 0.003514
 >> iter 25000, loss: 0.003290
 >> iter 26000, loss: 0.003054
 >> iter 27000, loss: 0.002887
 >> iter 28000, loss: 0.002702
 >> iter 29000, loss: 0.002573
 >> iter 30000, loss: 0.002422
   Number of active neurons: 16
 >> iter 31000, loss: 0.002318
 >> iter 32000, loss: 0.002194
 >> iter 33000, loss: 0.002109
 >> iter 34000, loss: 0.002004
 >> iter 35000, loss: 0.001934
 >> iter 36000, loss: 0.001846
 >> iter 37000, loss: 0.001785
 >> iter 38000, loss: 0.001709
 >> iter 39000, loss: 0.001656
 >> iter 40000, loss: 0.001592
   Number of active neurons: 16
 >> iter 41000, loss: 0.001545
 >> iter 42000, loss: 0.001491
 >> iter 43000, loss: 0.001447
 >> iter 44000, loss: 0.001401
 >> iter 45000, loss: 0.001360
 >> iter 46000, loss: 0.001320
 >> iter 47000, loss: 0.001283
 >> iter 48000, loss: 0.001247
 >> iter 49000, loss: 0.001214
 >> iter 50000, loss: 0.001182
   Number of active neurons: 16
 >> iter 51000, loss: 0.001153
 >> iter 52000, loss: 0.001122
 >> iter 53000, loss: 0.001097
 >> iter 54000, loss: 0.001068
 >> iter 55000, loss: 0.001045
 >> iter 56000, loss: 0.001019
 ----------- DONE -----------

 > Ejecucion 2:
   - Train: 0.0
   - Test - Long: 0.0
   - Test - Big: 0.0
   - Test - A: 0.0
   - Test - B: 0.0
data INPUT has 50001 characters, 3 unique.
data OUTPUT has 50001 characters, 2 unique.
Función de activación: TANH
 > Entrenando...
 >> iter 0, loss: 27.455170
   Number of active neurons: 0
 >> iter 1000, loss: 15.562041
 >> iter 2000, loss: 10.523362
 >> iter 3000, loss: 8.660907
 >> iter 4000, loss: 7.952755
 >> iter 5000, loss: 7.710385
 >> iter 6000, loss: 7.475860
 >> iter 7000, loss: 6.989686
 >> iter 8000, loss: 6.324322
 >> iter 9000, loss: 2.596083
 >> iter 10000, loss: 0.995113
   Number of active neurons: 15
 >> iter 11000, loss: 0.388940
 >> iter 12000, loss: 0.158833
 >> iter 13000, loss: 0.070329
 >> iter 14000, loss: 0.035386
 >> iter 15000, loss: 0.020898
 >> iter 16000, loss: 0.014424
 >> iter 17000, loss: 0.011152
 >> iter 18000, loss: 0.009295
 >> iter 19000, loss: 0.008047
 >> iter 20000, loss: 0.007170
   Number of active neurons: 15
 >> iter 21000, loss: 0.006456
 >> iter 22000, loss: 0.005909
 >> iter 23000, loss: 0.005419
 >> iter 24000, loss: 0.005032
 >> iter 25000, loss: 0.004671
 >> iter 26000, loss: 0.004379
 >> iter 27000, loss: 0.004099
 >> iter 28000, loss: 0.003873
 >> iter 29000, loss: 0.003652
 >> iter 30000, loss: 0.003468
   Number of active neurons: 15
 >> iter 31000, loss: 0.003287
 >> iter 32000, loss: 0.003139
 >> iter 33000, loss: 0.002986
 >> iter 34000, loss: 0.002863
 >> iter 35000, loss: 0.002733
 >> iter 36000, loss: 0.002631
 >> iter 37000, loss: 0.002518
 >> iter 38000, loss: 0.002430
 >> iter 39000, loss: 0.002333
 >> iter 40000, loss: 0.002256
   Number of active neurons: 15
 >> iter 41000, loss: 0.002171
 >> iter 42000, loss: 0.002105
 >> iter 43000, loss: 0.002032
 >> iter 44000, loss: 0.001972
 >> iter 45000, loss: 0.001905
 >> iter 46000, loss: 0.001854
 >> iter 47000, loss: 0.001793
 >> iter 48000, loss: 0.001747
 >> iter 49000, loss: 0.001693
 >> iter 50000, loss: 0.001651
   Number of active neurons: 15
 >> iter 51000, loss: 0.001602
 >> iter 52000, loss: 0.001564
 >> iter 53000, loss: 0.001521
 >> iter 54000, loss: 0.001484
 >> iter 55000, loss: 0.001446
 >> iter 56000, loss: 0.001413
 >> iter 57000, loss: 0.001378
 >> iter 58000, loss: 0.001347
 >> iter 59000, loss: 0.001315
 >> iter 60000, loss: 0.001287
   Number of active neurons: 15
 >> iter 61000, loss: 0.001257
 >> iter 62000, loss: 0.001231
 >> iter 63000, loss: 0.001203
 >> iter 64000, loss: 0.001180
 >> iter 65000, loss: 0.001154
 >> iter 66000, loss: 0.001132
 >> iter 67000, loss: 0.001107
 >> iter 68000, loss: 0.001087
 >> iter 69000, loss: 0.001065
 >> iter 70000, loss: 0.001047
   Number of active neurons: 15
 >> iter 71000, loss: 0.001025
 >> iter 72000, loss: 0.001008
 ----------- DONE -----------

 > Ejecucion 3:
   - Train: 0.0
   - Test - Long: 0.0
   - Test - Big: 0.0
   - Test - A: 0.0
   - Test - B: 0.0
data INPUT has 50001 characters, 3 unique.
data OUTPUT has 50001 characters, 2 unique.
Función de activación: TANH
 > Entrenando...
 >> iter 0, loss: 27.455170
   Number of active neurons: 0
 >> iter 1000, loss: 15.561396
 >> iter 2000, loss: 10.516491
 >> iter 3000, loss: 8.652720
 >> iter 4000, loss: 7.921965
 >> iter 5000, loss: 7.287274
 >> iter 6000, loss: 5.961428
 >> iter 7000, loss: 2.262420
 >> iter 8000, loss: 0.854096
 >> iter 9000, loss: 0.326762
 >> iter 10000, loss: 0.129169
   Number of active neurons: 13
 >> iter 11000, loss: 0.054290
 >> iter 12000, loss: 0.025520
 >> iter 13000, loss: 0.013999
 >> iter 14000, loss: 0.009151
 >> iter 15000, loss: 0.006853
 >> iter 16000, loss: 0.005643
 >> iter 17000, loss: 0.004878
 >> iter 18000, loss: 0.004352
 >> iter 19000, loss: 0.003940
 >> iter 20000, loss: 0.003613
   Number of active neurons: 13
 >> iter 21000, loss: 0.003336
 >> iter 22000, loss: 0.003101
 >> iter 23000, loss: 0.002897
 >> iter 24000, loss: 0.002718
 >> iter 25000, loss: 0.002561
 >> iter 26000, loss: 0.002419
 >> iter 27000, loss: 0.002294
 >> iter 28000, loss: 0.002179
 >> iter 29000, loss: 0.002077
 >> iter 30000, loss: 0.001981
   Number of active neurons: 14
 >> iter 31000, loss: 0.001897
 >> iter 32000, loss: 0.001816
 >> iter 33000, loss: 0.001745
 >> iter 34000, loss: 0.001676
 >> iter 35000, loss: 0.001616
 >> iter 36000, loss: 0.001556
 >> iter 37000, loss: 0.001504
 >> iter 38000, loss: 0.001452
 >> iter 39000, loss: 0.001406
 >> iter 40000, loss: 0.001361
   Number of active neurons: 14
 >> iter 41000, loss: 0.001320
 >> iter 42000, loss: 0.001280
 >> iter 43000, loss: 0.001244
 >> iter 44000, loss: 0.001208
 >> iter 45000, loss: 0.001176
 >> iter 46000, loss: 0.001144
 >> iter 47000, loss: 0.001115
 >> iter 48000, loss: 0.001086
 >> iter 49000, loss: 0.001060
 >> iter 50000, loss: 0.001033
   Number of active neurons: 14
 >> iter 51000, loss: 0.001010
 ----------- DONE -----------

 > Ejecucion 4:
   - Train: 0.0
   - Test - Long: 0.0
   - Test - Big: 0.0
   - Test - A: 0.0
   - Test - B: 0.0
data INPUT has 50001 characters, 3 unique.
data OUTPUT has 50001 characters, 2 unique.
Función de activación: TANH
 > Entrenando...
 >> iter 0, loss: 27.455172
   Number of active neurons: 0
 >> iter 1000, loss: 15.570567
 >> iter 2000, loss: 10.530102
 >> iter 3000, loss: 8.659447
 >> iter 4000, loss: 7.938505
 >> iter 5000, loss: 7.315451
 >> iter 6000, loss: 3.620973
 >> iter 7000, loss: 1.372965
 >> iter 8000, loss: 0.526038
 >> iter 9000, loss: 0.207963
 >> iter 10000, loss: 0.087202
   Number of active neurons: 14
 >> iter 11000, loss: 0.040768
 >> iter 12000, loss: 0.022093
 >> iter 13000, loss: 0.014270
 >> iter 14000, loss: 0.010509
 >> iter 15000, loss: 0.008576
 >> iter 16000, loss: 0.007302
 >> iter 17000, loss: 0.006481
 >> iter 18000, loss: 0.005791
 >> iter 19000, loss: 0.005290
 >> iter 20000, loss: 0.004822
   Number of active neurons: 14
 >> iter 21000, loss: 0.004470
 >> iter 22000, loss: 0.004124
 >> iter 23000, loss: 0.003860
 >> iter 24000, loss: 0.003591
 >> iter 25000, loss: 0.003387
 >> iter 26000, loss: 0.003174
 >> iter 27000, loss: 0.003011
 >> iter 28000, loss: 0.002837
 >> iter 29000, loss: 0.002707
 >> iter 30000, loss: 0.002562
   Number of active neurons: 14
 >> iter 31000, loss: 0.002454
 >> iter 32000, loss: 0.002333
 >> iter 33000, loss: 0.002242
 >> iter 34000, loss: 0.002139
 >> iter 35000, loss: 0.002062
 >> iter 36000, loss: 0.001974
 >> iter 37000, loss: 0.001907
 >> iter 38000, loss: 0.001831
 >> iter 39000, loss: 0.001773
 >> iter 40000, loss: 0.001706
   Number of active neurons: 14
 >> iter 41000, loss: 0.001656
 >> iter 42000, loss: 0.001597
 >> iter 43000, loss: 0.001553
 >> iter 44000, loss: 0.001500
 >> iter 45000, loss: 0.001461
 >> iter 46000, loss: 0.001415
 >> iter 47000, loss: 0.001379
 >> iter 48000, loss: 0.001338
 >> iter 49000, loss: 0.001306
 >> iter 50000, loss: 0.001269
   Number of active neurons: 14
 >> iter 51000, loss: 0.001240
 >> iter 52000, loss: 0.001206
 >> iter 53000, loss: 0.001180
 >> iter 54000, loss: 0.001149
 >> iter 55000, loss: 0.001126
 >> iter 56000, loss: 0.001097
 >> iter 57000, loss: 0.001076
 >> iter 58000, loss: 0.001050
 >> iter 59000, loss: 0.001030
 >> iter 60000, loss: 0.001006
   Number of active neurons: 14
 ----------- DONE -----------

 > Ejecucion 5:
   - Train: 0.0
   - Test - Long: 0.0
   - Test - Big: 0.0
   - Test - A: 9.61269248717
   - Test - B: 0.0
data INPUT has 50001 characters, 3 unique.
data OUTPUT has 50001 characters, 2 unique.
Función de activación: TANH
 > Entrenando...
 >> iter 0, loss: 27.455170
   Number of active neurons: 0
 >> iter 1000, loss: 15.563876
 >> iter 2000, loss: 10.524700
 >> iter 3000, loss: 8.661601
 >> iter 4000, loss: 7.944676
 >> iter 5000, loss: 7.602863
 >> iter 6000, loss: 5.834637
 >> iter 7000, loss: 2.217744
 >> iter 8000, loss: 0.837533
 >> iter 9000, loss: 0.320551
 >> iter 10000, loss: 0.126763
   Number of active neurons: 15
 >> iter 11000, loss: 0.053523
 >> iter 12000, loss: 0.025360
 >> iter 13000, loss: 0.014137
 >> iter 14000, loss: 0.009392
 >> iter 15000, loss: 0.007154
 >> iter 16000, loss: 0.005959
 >> iter 17000, loss: 0.005199
 >> iter 18000, loss: 0.004673
 >> iter 19000, loss: 0.004252
 >> iter 20000, loss: 0.003922
   Number of active neurons: 15
 >> iter 21000, loss: 0.003630
 >> iter 22000, loss: 0.003393
 >> iter 23000, loss: 0.003173
 >> iter 24000, loss: 0.002991
 >> iter 25000, loss: 0.002818
 >> iter 26000, loss: 0.002675
 >> iter 27000, loss: 0.002534
 >> iter 28000, loss: 0.002419
 >> iter 29000, loss: 0.002303
 >> iter 30000, loss: 0.002206
   Number of active neurons: 15
 >> iter 31000, loss: 0.002109
 >> iter 32000, loss: 0.002028
 >> iter 33000, loss: 0.001945
 >> iter 34000, loss: 0.001876
 >> iter 35000, loss: 0.001804
 >> iter 36000, loss: 0.001746
 >> iter 37000, loss: 0.001682
 >> iter 38000, loss: 0.001633
 >> iter 39000, loss: 0.001575
 >> iter 40000, loss: 0.001532
   Number of active neurons: 15
 >> iter 41000, loss: 0.001481
 >> iter 42000, loss: 0.001444
 >> iter 43000, loss: 0.001397
 >> iter 44000, loss: 0.001364
 >> iter 45000, loss: 0.001322
 >> iter 46000, loss: 0.001293
 >> iter 47000, loss: 0.001254
 >> iter 48000, loss: 0.001229
 >> iter 49000, loss: 0.001193
 >> iter 50000, loss: 0.001170
   Number of active neurons: 15
 >> iter 51000, loss: 0.001138
 >> iter 52000, loss: 0.001117
 >> iter 53000, loss: 0.001087
 >> iter 54000, loss: 0.001068
 >> iter 55000, loss: 0.001041
 >> iter 56000, loss: 0.001023
 ----------- DONE -----------

 > Ejecucion 6:
   - Train: 0.0
   - Test - Long: 0.0
   - Test - Big: 0.0
   - Test - A: 0.0
   - Test - B: 0.0
data INPUT has 50001 characters, 3 unique.
data OUTPUT has 50001 characters, 2 unique.
Función de activación: TANH
 > Entrenando...
 >> iter 0, loss: 27.455168
   Number of active neurons: 0
 >> iter 1000, loss: 15.548097
 >> iter 2000, loss: 10.550172
 >> iter 3000, loss: 8.669604
 >> iter 4000, loss: 7.588445
 >> iter 5000, loss: 3.524964
 >> iter 6000, loss: 1.332710
 >> iter 7000, loss: 0.509571
 >> iter 8000, loss: 0.200597
 >> iter 9000, loss: 0.085533
 >> iter 10000, loss: 0.040105
   Number of active neurons: 13
 >> iter 11000, loss: 0.020841
 >> iter 12000, loss: 0.012789
 >> iter 13000, loss: 0.009033
 >> iter 14000, loss: 0.007235
 >> iter 15000, loss: 0.006089
 >> iter 16000, loss: 0.005417
 >> iter 17000, loss: 0.004835
 >> iter 18000, loss: 0.004442
 >> iter 19000, loss: 0.004050
 >> iter 20000, loss: 0.003779
   Number of active neurons: 14
 >> iter 21000, loss: 0.003485
 >> iter 22000, loss: 0.003284
 >> iter 23000, loss: 0.003054
 >> iter 24000, loss: 0.002901
 >> iter 25000, loss: 0.002715
 >> iter 26000, loss: 0.002594
 >> iter 27000, loss: 0.002440
 >> iter 28000, loss: 0.002343
 >> iter 29000, loss: 0.002214
 >> iter 30000, loss: 0.002135
   Number of active neurons: 14
 >> iter 31000, loss: 0.002024
 >> iter 32000, loss: 0.001959
 >> iter 33000, loss: 0.001862
 >> iter 34000, loss: 0.001809
 >> iter 35000, loss: 0.001724
 >> iter 36000, loss: 0.001681
 >> iter 37000, loss: 0.001603
 >> iter 38000, loss: 0.001571
 >> iter 39000, loss: 0.001498
 >> iter 40000, loss: 0.001472
   Number of active neurons: 14
 >> iter 41000, loss: 0.001404
 >> iter 42000, loss: 0.001384
 >> iter 43000, loss: 0.001323
 >> iter 44000, loss: 0.001306
 >> iter 45000, loss: 0.001248
 >> iter 46000, loss: 0.001235
 >> iter 47000, loss: 0.001181
 >> iter 48000, loss: 0.001171
 >> iter 49000, loss: 0.001121
 >> iter 50000, loss: 0.001112
   Number of active neurons: 14
 >> iter 51000, loss: 0.001067
 >> iter 52000, loss: 0.001059
 >> iter 53000, loss: 0.001017
 >> iter 54000, loss: 0.001011
 ----------- DONE -----------

 > Ejecucion 7:
   - Train: 0.0
   - Test - Long: 0.0
   - Test - Big: 0.0
   - Test - A: 0.0
   - Test - B: 0.0
data INPUT has 50001 characters, 3 unique.
data OUTPUT has 50001 characters, 2 unique.
Función de activación: TANH
 > Entrenando...
 >> iter 0, loss: 27.455171
   Number of active neurons: 0
 >> iter 1000, loss: 15.553587
 >> iter 2000, loss: 10.535789
 >> iter 3000, loss: 8.678770
 >> iter 4000, loss: 7.975927
 >> iter 5000, loss: 7.716288
 >> iter 6000, loss: 7.599637
 >> iter 7000, loss: 7.562970
 >> iter 8000, loss: 7.528738
 >> iter 9000, loss: 7.510697
 >> iter 10000, loss: 6.954469
   Number of active neurons: 11
 >> iter 11000, loss: 6.112283
 >> iter 12000, loss: 5.515401
 >> iter 13000, loss: 5.005665
 >> iter 14000, loss: 3.704990
 >> iter 15000, loss: 1.399992
 >> iter 16000, loss: 0.533296
 >> iter 17000, loss: 0.209217
 >> iter 18000, loss: 0.087048
 >> iter 19000, loss: 0.040382
 >> iter 20000, loss: 0.021902
   Number of active neurons: 15
 >> iter 21000, loss: 0.014233
 >> iter 22000, loss: 0.010659
 >> iter 23000, loss: 0.008817
 >> iter 24000, loss: 0.007648
 >> iter 25000, loss: 0.006868
 >> iter 26000, loss: 0.006234
 >> iter 27000, loss: 0.005749
 >> iter 28000, loss: 0.005313
 >> iter 29000, loss: 0.004965
 >> iter 30000, loss: 0.004636
   Number of active neurons: 15
 >> iter 31000, loss: 0.004369
 >> iter 32000, loss: 0.004111
 >> iter 33000, loss: 0.003899
 >> iter 34000, loss: 0.003690
 >> iter 35000, loss: 0.003519
 >> iter 36000, loss: 0.003349
 >> iter 37000, loss: 0.003204
 >> iter 38000, loss: 0.003064
 >> iter 39000, loss: 0.002940
 >> iter 40000, loss: 0.002822
   Number of active neurons: 16
 >> iter 41000, loss: 0.002716
 >> iter 42000, loss: 0.002618
 >> iter 43000, loss: 0.002522
 >> iter 44000, loss: 0.002441
 >> iter 45000, loss: 0.002354
 >> iter 46000, loss: 0.002284
 >> iter 47000, loss: 0.002206
 >> iter 48000, loss: 0.002144
 >> iter 49000, loss: 0.002075
 >> iter 50000, loss: 0.002022
   Number of active neurons: 16
 >> iter 51000, loss: 0.001958
 >> iter 52000, loss: 0.001911
 >> iter 53000, loss: 0.001854
 >> iter 54000, loss: 0.001812
 >> iter 55000, loss: 0.001760
 >> iter 56000, loss: 0.001722
 >> iter 57000, loss: 0.001675
 >> iter 58000, loss: 0.001641
 >> iter 59000, loss: 0.001597
 >> iter 60000, loss: 0.001567
   Number of active neurons: 16
 >> iter 61000, loss: 0.001525
 >> iter 62000, loss: 0.001499
 >> iter 63000, loss: 0.001460
 >> iter 64000, loss: 0.001437
 >> iter 65000, loss: 0.001400
 >> iter 66000, loss: 0.001379
 >> iter 67000, loss: 0.001345
 >> iter 68000, loss: 0.001326
 >> iter 69000, loss: 0.001294
 >> iter 70000, loss: 0.001277
   Number of active neurons: 16
 >> iter 71000, loss: 0.001246
 >> iter 72000, loss: 0.001230
 >> iter 73000, loss: 0.001202
 >> iter 74000, loss: 0.001188
 >> iter 75000, loss: 0.001161
 >> iter 76000, loss: 0.001148
 >> iter 77000, loss: 0.001123
 >> iter 78000, loss: 0.001111
 >> iter 79000, loss: 0.001087
 >> iter 80000, loss: 0.001075
   Number of active neurons: 16
 >> iter 81000, loss: 0.001053
 >> iter 82000, loss: 0.001042
 >> iter 83000, loss: 0.001021
 >> iter 84000, loss: 0.001011
 ----------- DONE -----------

 > Ejecucion 8:
   - Train: 0.0
   - Test - Long: 0.0
   - Test - Big: 0.0
   - Test - A: 0.0
   - Test - B: 0.0
data INPUT has 50001 characters, 3 unique.
data OUTPUT has 50001 characters, 2 unique.
Función de activación: TANH
 > Entrenando...
 >> iter 0, loss: 27.455169
   Number of active neurons: 0
 >> iter 1000, loss: 15.538100
 >> iter 2000, loss: 10.518357
 >> iter 3000, loss: 8.658884
 >> iter 4000, loss: 7.937061
 >> iter 5000, loss: 7.416410
 >> iter 6000, loss: 5.023849
 >> iter 7000, loss: 1.911663
 >> iter 8000, loss: 0.730560
 >> iter 9000, loss: 0.286471
 >> iter 10000, loss: 0.118425
   Number of active neurons: 13
 >> iter 11000, loss: 0.053852
 >> iter 12000, loss: 0.028287
 >> iter 13000, loss: 0.017585
 >> iter 14000, loss: 0.012699
 >> iter 15000, loss: 0.010154
 >> iter 16000, loss: 0.008639
 >> iter 17000, loss: 0.007597
 >> iter 18000, loss: 0.006830
 >> iter 19000, loss: 0.006206
 >> iter 20000, loss: 0.005704
   Number of active neurons: 13
 >> iter 21000, loss: 0.005265
 >> iter 22000, loss: 0.004902
 >> iter 23000, loss: 0.004574
 >> iter 24000, loss: 0.004295
 >> iter 25000, loss: 0.004039
 >> iter 26000, loss: 0.003820
 >> iter 27000, loss: 0.003614
 >> iter 28000, loss: 0.003438
 >> iter 29000, loss: 0.003270
 >> iter 30000, loss: 0.003123
   Number of active neurons: 13
 >> iter 31000, loss: 0.002984
 >> iter 32000, loss: 0.002861
 >> iter 33000, loss: 0.002742
 >> iter 34000, loss: 0.002637
 >> iter 35000, loss: 0.002536
 >> iter 36000, loss: 0.002447
 >> iter 37000, loss: 0.002357
 >> iter 38000, loss: 0.002281
 >> iter 39000, loss: 0.002202
 >> iter 40000, loss: 0.002136
   Number of active neurons: 13
 >> iter 41000, loss: 0.002066
 >> iter 42000, loss: 0.002008
 >> iter 43000, loss: 0.001946
 >> iter 44000, loss: 0.001895
 >> iter 45000, loss: 0.001837
 >> iter 46000, loss: 0.001793
 >> iter 47000, loss: 0.001741
 >> iter 48000, loss: 0.001701
 >> iter 49000, loss: 0.001653
 >> iter 50000, loss: 0.001617
   Number of active neurons: 13
 >> iter 51000, loss: 0.001574
 >> iter 52000, loss: 0.001541
 >> iter 53000, loss: 0.001503
 >> iter 54000, loss: 0.001471
 >> iter 55000, loss: 0.001436
 >> iter 56000, loss: 0.001408
 >> iter 57000, loss: 0.001376
 >> iter 58000, loss: 0.001350
 >> iter 59000, loss: 0.001320
 >> iter 60000, loss: 0.001297
   Number of active neurons: 13
 >> iter 61000, loss: 0.001268
 >> iter 62000, loss: 0.001247
 >> iter 63000, loss: 0.001220
 >> iter 64000, loss: 0.001201
 >> iter 65000, loss: 0.001176
 >> iter 66000, loss: 0.001158
 >> iter 67000, loss: 0.001134
 >> iter 68000, loss: 0.001117
 >> iter 69000, loss: 0.001096
 >> iter 70000, loss: 0.001080
   Number of active neurons: 14
 >> iter 71000, loss: 0.001059
 >> iter 72000, loss: 0.001045
 >> iter 73000, loss: 0.001025
 >> iter 74000, loss: 0.001012
 ----------- DONE -----------

 > Ejecucion 9:
   - Train: 0.0
   - Test - Long: 0.0
   - Test - Big: 0.0
   - Test - A: 0.0
   - Test - B: 0.0
data INPUT has 50001 characters, 3 unique.
data OUTPUT has 50001 characters, 2 unique.
Función de activación: TANH
 > Entrenando...
 >> iter 0, loss: 27.455166
   Number of active neurons: 0
 >> iter 1000, loss: 15.505473
 >> iter 2000, loss: 10.513499
 >> iter 3000, loss: 8.663072
 >> iter 4000, loss: 7.954402
 >> iter 5000, loss: 7.691256
 >> iter 6000, loss: 7.412267
 >> iter 7000, loss: 6.975750
 >> iter 8000, loss: 4.030862
 >> iter 9000, loss: 1.537491
 >> iter 10000, loss: 0.590094
   Number of active neurons: 13
 >> iter 11000, loss: 0.232898
 >> iter 12000, loss: 0.096984
 >> iter 13000, loss: 0.044624
 >> iter 14000, loss: 0.023611
 >> iter 15000, loss: 0.014834
 >> iter 16000, loss: 0.010681
 >> iter 17000, loss: 0.008583
 >> iter 18000, loss: 0.007242
 >> iter 19000, loss: 0.006395
 >> iter 20000, loss: 0.005695
   Number of active neurons: 13
 >> iter 21000, loss: 0.005201
 >> iter 22000, loss: 0.004737
 >> iter 23000, loss: 0.004401
 >> iter 24000, loss: 0.004060
 >> iter 25000, loss: 0.003815
 >> iter 26000, loss: 0.003551
 >> iter 27000, loss: 0.003364
 >> iter 28000, loss: 0.003154
 >> iter 29000, loss: 0.003009
 >> iter 30000, loss: 0.002835
   Number of active neurons: 13
 >> iter 31000, loss: 0.002719
 >> iter 32000, loss: 0.002574
 >> iter 33000, loss: 0.002479
 >> iter 34000, loss: 0.002356
 >> iter 35000, loss: 0.002278
 >> iter 36000, loss: 0.002172
 >> iter 37000, loss: 0.002105
 >> iter 38000, loss: 0.002013
 >> iter 39000, loss: 0.001957
 >> iter 40000, loss: 0.001875
   Number of active neurons: 13
 >> iter 41000, loss: 0.001827
 >> iter 42000, loss: 0.001755
 >> iter 43000, loss: 0.001714
 >> iter 44000, loss: 0.001649
 >> iter 45000, loss: 0.001613
 >> iter 46000, loss: 0.001555
 >> iter 47000, loss: 0.001523
 >> iter 48000, loss: 0.001471
 >> iter 49000, loss: 0.001443
 >> iter 50000, loss: 0.001395
   Number of active neurons: 13
 >> iter 51000, loss: 0.001371
 >> iter 52000, loss: 0.001327
 >> iter 53000, loss: 0.001305
 >> iter 54000, loss: 0.001265
 >> iter 55000, loss: 0.001246
 >> iter 56000, loss: 0.001208
 >> iter 57000, loss: 0.001191
 >> iter 58000, loss: 0.001156
 >> iter 59000, loss: 0.001141
 >> iter 60000, loss: 0.001109
   Number of active neurons: 13
 >> iter 61000, loss: 0.001095
 >> iter 62000, loss: 0.001065
 >> iter 63000, loss: 0.001052
 >> iter 64000, loss: 0.001025
 >> iter 65000, loss: 0.001012
 ----------- DONE -----------

 > Ejecucion 10:
   - Train: 0.0
   - Test - Long: 0.0
   - Test - Big: 0.0
   - Test - A: 0.0
   - Test - B: 0.0
data INPUT has 50001 characters, 3 unique.
data OUTPUT has 50001 characters, 2 unique.
Función de activación: TANH
 > Entrenando...
 >> iter 0, loss: 27.455169
   Number of active neurons: 0
 >> iter 1000, loss: 15.544870
 >> iter 2000, loss: 10.554535
 >> iter 3000, loss: 8.683872
 >> iter 4000, loss: 7.897865
 >> iter 5000, loss: 7.269293
 >> iter 6000, loss: 4.186216
 >> iter 7000, loss: 1.586319
 >> iter 8000, loss: 0.604574
 >> iter 9000, loss: 0.239578
 >> iter 10000, loss: 0.099312
   Number of active neurons: 14
 >> iter 11000, loss: 0.043994
 >> iter 12000, loss: 0.022079
 >> iter 13000, loss: 0.013044
 >> iter 14000, loss: 0.009060
 >> iter 15000, loss: 0.007177
 >> iter 16000, loss: 0.005995
 >> iter 17000, loss: 0.005230
 >> iter 18000, loss: 0.004684
 >> iter 19000, loss: 0.004257
 >> iter 20000, loss: 0.003909
   Number of active neurons: 14
 >> iter 21000, loss: 0.003612
 >> iter 22000, loss: 0.003361
 >> iter 23000, loss: 0.003139
 >> iter 24000, loss: 0.002947
 >> iter 25000, loss: 0.002773
 >> iter 26000, loss: 0.002623
 >> iter 27000, loss: 0.002482
 >> iter 28000, loss: 0.002360
 >> iter 29000, loss: 0.002245
 >> iter 30000, loss: 0.002144
   Number of active neurons: 14
 >> iter 31000, loss: 0.002048
 >> iter 32000, loss: 0.001964
 >> iter 33000, loss: 0.001881
 >> iter 34000, loss: 0.001810
 >> iter 35000, loss: 0.001739
 >> iter 36000, loss: 0.001680
 >> iter 37000, loss: 0.001615
 >> iter 38000, loss: 0.001566
 >> iter 39000, loss: 0.001508
 >> iter 40000, loss: 0.001466
   Number of active neurons: 15
 >> iter 41000, loss: 0.001414
 >> iter 42000, loss: 0.001378
 >> iter 43000, loss: 0.001330
 >> iter 44000, loss: 0.001300
 >> iter 45000, loss: 0.001256
 >> iter 46000, loss: 0.001230
 >> iter 47000, loss: 0.001188
 >> iter 48000, loss: 0.001166
 >> iter 49000, loss: 0.001128
 >> iter 50000, loss: 0.001108
   Number of active neurons: 15
 >> iter 51000, loss: 0.001073
 >> iter 52000, loss: 0.001055
 >> iter 53000, loss: 0.001023
 ----------- DONE -----------

 > Ejecucion 11:
   - Train: 0.0
   - Test - Long: 0.0
   - Test - Big: 0.0
   - Test - A: 10.2193187121
   - Test - B: 0.0
data INPUT has 50001 characters, 3 unique.
data OUTPUT has 50001 characters, 2 unique.
Función de activación: TANH
 > Entrenando...
 >> iter 0, loss: 27.455172
   Number of active neurons: 0
 >> iter 1000, loss: 15.548305
 >> iter 2000, loss: 10.524184
 >> iter 3000, loss: 8.668227
 >> iter 4000, loss: 7.952973
 >> iter 5000, loss: 7.574581
 >> iter 6000, loss: 6.933217
 >> iter 7000, loss: 3.381843
 >> iter 8000, loss: 1.285305
 >> iter 9000, loss: 0.495007
 >> iter 10000, loss: 0.196653
   Number of active neurons: 15
 >> iter 11000, loss: 0.083495
 >> iter 12000, loss: 0.039328
 >> iter 13000, loss: 0.021743
 >> iter 14000, loss: 0.014001
 >> iter 15000, loss: 0.010461
 >> iter 16000, loss: 0.008404
 >> iter 17000, loss: 0.007237
 >> iter 18000, loss: 0.006316
 >> iter 19000, loss: 0.005707
 >> iter 20000, loss: 0.005138
   Number of active neurons: 15
 >> iter 21000, loss: 0.004741
 >> iter 22000, loss: 0.004340
 >> iter 23000, loss: 0.004055
 >> iter 24000, loss: 0.003753
 >> iter 25000, loss: 0.003540
 >> iter 26000, loss: 0.003304
 >> iter 27000, loss: 0.003138
 >> iter 28000, loss: 0.002948
 >> iter 29000, loss: 0.002818
 >> iter 30000, loss: 0.002660
   Number of active neurons: 15
 >> iter 31000, loss: 0.002553
 >> iter 32000, loss: 0.002421
 >> iter 33000, loss: 0.002332
 >> iter 34000, loss: 0.002220
 >> iter 35000, loss: 0.002146
 >> iter 36000, loss: 0.002050
 >> iter 37000, loss: 0.001986
 >> iter 38000, loss: 0.001904
 >> iter 39000, loss: 0.001846
 >> iter 40000, loss: 0.001775
   Number of active neurons: 15
 >> iter 41000, loss: 0.001725
 >> iter 42000, loss: 0.001662
 >> iter 43000, loss: 0.001618
 >> iter 44000, loss: 0.001562
 >> iter 45000, loss: 0.001522
 >> iter 46000, loss: 0.001473
 >> iter 47000, loss: 0.001437
 >> iter 48000, loss: 0.001392
 >> iter 49000, loss: 0.001361
 >> iter 50000, loss: 0.001320
   Number of active neurons: 15
 >> iter 51000, loss: 0.001291
 >> iter 52000, loss: 0.001254
 >> iter 53000, loss: 0.001229
 >> iter 54000, loss: 0.001194
 >> iter 55000, loss: 0.001172
 >> iter 56000, loss: 0.001139
 >> iter 57000, loss: 0.001120
 >> iter 58000, loss: 0.001089
 >> iter 59000, loss: 0.001071
 >> iter 60000, loss: 0.001043
   Number of active neurons: 15
 >> iter 61000, loss: 0.001026
 ----------- DONE -----------

 > Ejecucion 12:
   - Train: 0.0
   - Test - Long: 0.0
   - Test - Big: 0.0
   - Test - A: 0.0
   - Test - B: 0.0
data INPUT has 50001 characters, 3 unique.
data OUTPUT has 50001 characters, 2 unique.
Función de activación: TANH
 > Entrenando...
 >> iter 0, loss: 27.455172
   Number of active neurons: 0
 >> iter 1000, loss: 15.490170
 >> iter 2000, loss: 10.477184
 >> iter 3000, loss: 8.623177
 >> iter 4000, loss: 7.828354
 >> iter 5000, loss: 6.332257
 >> iter 6000, loss: 2.406997
 >> iter 7000, loss: 0.910638
 >> iter 8000, loss: 0.350626
 >> iter 9000, loss: 0.140347
 >> iter 10000, loss: 0.060528
   Number of active neurons: 14
 >> iter 11000, loss: 0.029566
 >> iter 12000, loss: 0.017054
 >> iter 13000, loss: 0.011620
 >> iter 14000, loss: 0.008985
 >> iter 15000, loss: 0.007508
 >> iter 16000, loss: 0.006557
 >> iter 17000, loss: 0.005868
 >> iter 18000, loss: 0.005333
 >> iter 19000, loss: 0.004893
 >> iter 20000, loss: 0.004525
   Number of active neurons: 14
 >> iter 21000, loss: 0.004207
 >> iter 22000, loss: 0.003932
 >> iter 23000, loss: 0.003690
 >> iter 24000, loss: 0.003475
 >> iter 25000, loss: 0.003284
 >> iter 26000, loss: 0.003112
 >> iter 27000, loss: 0.002958
 >> iter 28000, loss: 0.002817
 >> iter 29000, loss: 0.002690
 >> iter 30000, loss: 0.002572
   Number of active neurons: 14
 >> iter 31000, loss: 0.002465
 >> iter 32000, loss: 0.002366
 >> iter 33000, loss: 0.002275
 >> iter 34000, loss: 0.002189
 >> iter 35000, loss: 0.002111
 >> iter 36000, loss: 0.002037
 >> iter 37000, loss: 0.001968
 >> iter 38000, loss: 0.001905
 >> iter 39000, loss: 0.001844
 >> iter 40000, loss: 0.001788
   Number of active neurons: 15
 >> iter 41000, loss: 0.001733
 >> iter 42000, loss: 0.001684
 >> iter 43000, loss: 0.001636
 >> iter 44000, loss: 0.001592
 >> iter 45000, loss: 0.001548
 >> iter 46000, loss: 0.001509
 >> iter 47000, loss: 0.001469
 >> iter 48000, loss: 0.001434
 >> iter 49000, loss: 0.001397
 >> iter 50000, loss: 0.001366
   Number of active neurons: 15
 >> iter 51000, loss: 0.001333
 >> iter 52000, loss: 0.001303
 >> iter 53000, loss: 0.001273
 >> iter 54000, loss: 0.001246
 >> iter 55000, loss: 0.001219
 >> iter 56000, loss: 0.001194
 >> iter 57000, loss: 0.001169
 >> iter 58000, loss: 0.001146
 >> iter 59000, loss: 0.001122
 >> iter 60000, loss: 0.001102
   Number of active neurons: 15
 >> iter 61000, loss: 0.001079
 >> iter 62000, loss: 0.001060
 >> iter 63000, loss: 0.001040
 >> iter 64000, loss: 0.001022
 >> iter 65000, loss: 0.001002
 ----------- DONE -----------

 > Ejecucion 13:
   - Train: 0.0
   - Test - Long: 0.0
   - Test - Big: 0.0
   - Test - A: 0.0
   - Test - B: 0.0
data INPUT has 50001 characters, 3 unique.
data OUTPUT has 50001 characters, 2 unique.
Función de activación: TANH
 > Entrenando...
 >> iter 0, loss: 27.455168
   Number of active neurons: 0
 >> iter 1000, loss: 15.567710
 >> iter 2000, loss: 10.534113
 >> iter 3000, loss: 8.660794
 >> iter 4000, loss: 7.857303
 >> iter 5000, loss: 6.758289
 >> iter 6000, loss: 2.641115
 >> iter 7000, loss: 0.998948
 >> iter 8000, loss: 0.383494
 >> iter 9000, loss: 0.152310
 >> iter 10000, loss: 0.064749
   Number of active neurons: 14
 >> iter 11000, loss: 0.030816
 >> iter 12000, loss: 0.017296
 >> iter 13000, loss: 0.011424
 >> iter 14000, loss: 0.008710
 >> iter 15000, loss: 0.007149
 >> iter 16000, loss: 0.006243
 >> iter 17000, loss: 0.005521
 >> iter 18000, loss: 0.005040
 >> iter 19000, loss: 0.004574
 >> iter 20000, loss: 0.004256
   Number of active neurons: 14
 >> iter 21000, loss: 0.003913
 >> iter 22000, loss: 0.003684
 >> iter 23000, loss: 0.003418
 >> iter 24000, loss: 0.003245
 >> iter 25000, loss: 0.003032
 >> iter 26000, loss: 0.002897
 >> iter 27000, loss: 0.002722
 >> iter 28000, loss: 0.002615
 >> iter 29000, loss: 0.002469
 >> iter 30000, loss: 0.002381
   Number of active neurons: 14
 >> iter 31000, loss: 0.002256
 >> iter 32000, loss: 0.002184
 >> iter 33000, loss: 0.002076
 >> iter 34000, loss: 0.002017
 >> iter 35000, loss: 0.001922
 >> iter 36000, loss: 0.001874
 >> iter 37000, loss: 0.001788
 >> iter 38000, loss: 0.001751
 >> iter 39000, loss: 0.001670
 >> iter 40000, loss: 0.001641
   Number of active neurons: 14
 >> iter 41000, loss: 0.001568
 >> iter 42000, loss: 0.001544
 >> iter 43000, loss: 0.001477
 >> iter 44000, loss: 0.001458
 >> iter 45000, loss: 0.001394
 >> iter 46000, loss: 0.001379
 >> iter 47000, loss: 0.001321
 >> iter 48000, loss: 0.001308
 >> iter 49000, loss: 0.001254
 >> iter 50000, loss: 0.001244
   Number of active neurons: 14
 >> iter 51000, loss: 0.001194
 >> iter 52000, loss: 0.001185
 >> iter 53000, loss: 0.001139
 >> iter 54000, loss: 0.001132
 >> iter 55000, loss: 0.001088
 >> iter 56000, loss: 0.001083
 >> iter 57000, loss: 0.001042
 >> iter 58000, loss: 0.001039
 ----------- DONE -----------

 > Ejecucion 14:
   - Train: 0.0
   - Test - Long: 0.0
   - Test - Big: 0.0
   - Test - A: 0.0
   - Test - B: 0.0
data INPUT has 50001 characters, 3 unique.
data OUTPUT has 50001 characters, 2 unique.
Función de activación: TANH
 > Entrenando...
 >> iter 0, loss: 27.455172
   Number of active neurons: 0
 >> iter 1000, loss: 15.566574
 >> iter 2000, loss: 10.532822
 >> iter 3000, loss: 8.669877
 >> iter 4000, loss: 7.962174
 >> iter 5000, loss: 7.685650
 >> iter 6000, loss: 7.122649
 >> iter 7000, loss: 3.811640
 >> iter 8000, loss: 1.451984
 >> iter 9000, loss: 0.557909
 >> iter 10000, loss: 0.220492
   Number of active neurons: 15
 >> iter 11000, loss: 0.092242
 >> iter 12000, loss: 0.042534
 >> iter 13000, loss: 0.022677
 >> iter 14000, loss: 0.014197
 >> iter 15000, loss: 0.010282
 >> iter 16000, loss: 0.008176
 >> iter 17000, loss: 0.006936
 >> iter 18000, loss: 0.006054
 >> iter 19000, loss: 0.005428
 >> iter 20000, loss: 0.004901
   Number of active neurons: 16
 >> iter 21000, loss: 0.004498
 >> iter 22000, loss: 0.004132
 >> iter 23000, loss: 0.003844
 >> iter 24000, loss: 0.003570
 >> iter 25000, loss: 0.003354
 >> iter 26000, loss: 0.003142
 >> iter 27000, loss: 0.002973
 >> iter 28000, loss: 0.002803
 >> iter 29000, loss: 0.002670
 >> iter 30000, loss: 0.002529
   Number of active neurons: 16
 >> iter 31000, loss: 0.002420
 >> iter 32000, loss: 0.002302
 >> iter 33000, loss: 0.002212
 >> iter 34000, loss: 0.002112
 >> iter 35000, loss: 0.002036
 >> iter 36000, loss: 0.001951
 >> iter 37000, loss: 0.001885
 >> iter 38000, loss: 0.001811
 >> iter 39000, loss: 0.001754
 >> iter 40000, loss: 0.001690
   Number of active neurons: 16
 >> iter 41000, loss: 0.001641
 >> iter 42000, loss: 0.001583
 >> iter 43000, loss: 0.001540
 >> iter 44000, loss: 0.001489
 >> iter 45000, loss: 0.001451
 >> iter 46000, loss: 0.001406
 >> iter 47000, loss: 0.001372
 >> iter 48000, loss: 0.001331
 >> iter 49000, loss: 0.001300
 >> iter 50000, loss: 0.001263
   Number of active neurons: 16
 >> iter 51000, loss: 0.001236
 >> iter 52000, loss: 0.001202
 >> iter 53000, loss: 0.001178
 >> iter 54000, loss: 0.001146
 >> iter 55000, loss: 0.001125
 >> iter 56000, loss: 0.001095
 >> iter 57000, loss: 0.001076
 >> iter 58000, loss: 0.001049
 >> iter 59000, loss: 0.001031
 >> iter 60000, loss: 0.001006
   Number of active neurons: 16
 ----------- DONE -----------

 > Ejecucion 15:
   - Train: 0.0
   - Test - Long: 0.0
   - Test - Big: 0.0
   - Test - A: 0.0
   - Test - B: 0.0
data INPUT has 50001 characters, 3 unique.
data OUTPUT has 50001 characters, 2 unique.
Función de activación: TANH
 > Entrenando...
 >> iter 0, loss: 27.455172
   Number of active neurons: 0
 >> iter 1000, loss: 15.604988
 >> iter 2000, loss: 10.559523
 >> iter 3000, loss: 8.685951
 >> iter 4000, loss: 7.922921
 >> iter 5000, loss: 7.233687
 >> iter 6000, loss: 3.652128
 >> iter 7000, loss: 1.376045
 >> iter 8000, loss: 0.522867
 >> iter 9000, loss: 0.203618
 >> iter 10000, loss: 0.083296
   Number of active neurons: 13
 >> iter 11000, loss: 0.037348
 >> iter 12000, loss: 0.019267
 >> iter 13000, loss: 0.011804
 >> iter 14000, loss: 0.008432
 >> iter 15000, loss: 0.006715
 >> iter 16000, loss: 0.005700
 >> iter 17000, loss: 0.005015
 >> iter 18000, loss: 0.004507
 >> iter 19000, loss: 0.004100
 >> iter 20000, loss: 0.003768
   Number of active neurons: 14
 >> iter 21000, loss: 0.003481
 >> iter 22000, loss: 0.003240
 >> iter 23000, loss: 0.003024
 >> iter 24000, loss: 0.002841
 >> iter 25000, loss: 0.002672
 >> iter 26000, loss: 0.002528
 >> iter 27000, loss: 0.002391
 >> iter 28000, loss: 0.002275
 >> iter 29000, loss: 0.002163
 >> iter 30000, loss: 0.002066
   Number of active neurons: 14
 >> iter 31000, loss: 0.001973
 >> iter 32000, loss: 0.001892
 >> iter 33000, loss: 0.001813
 >> iter 34000, loss: 0.001745
 >> iter 35000, loss: 0.001676
 >> iter 36000, loss: 0.001619
 >> iter 37000, loss: 0.001558
 >> iter 38000, loss: 0.001509
 >> iter 39000, loss: 0.001455
 >> iter 40000, loss: 0.001413
   Number of active neurons: 14
 >> iter 41000, loss: 0.001364
 >> iter 42000, loss: 0.001328
 >> iter 43000, loss: 0.001284
 >> iter 44000, loss: 0.001252
 >> iter 45000, loss: 0.001212
 >> iter 46000, loss: 0.001184
 >> iter 47000, loss: 0.001148
 >> iter 48000, loss: 0.001123
 >> iter 49000, loss: 0.001090
 >> iter 50000, loss: 0.001068
   Number of active neurons: 14
 >> iter 51000, loss: 0.001037
 >> iter 52000, loss: 0.001017
 ----------- DONE -----------

 > Ejecucion 16:
   - Train: 0.0
   - Test - Long: 0.0
   - Test - Big: 0.0
   - Test - A: 0.0
   - Test - B: 0.0
data INPUT has 50001 characters, 3 unique.
data OUTPUT has 50001 characters, 2 unique.
Función de activación: TANH
 > Entrenando...
 >> iter 0, loss: 27.455172
   Number of active neurons: 0
 >> iter 1000, loss: 15.563232
 >> iter 2000, loss: 10.515070
 >> iter 3000, loss: 8.651524
 >> iter 4000, loss: 7.933868
 >> iter 5000, loss: 7.523229
 >> iter 6000, loss: 5.993097
 >> iter 7000, loss: 2.296121
 >> iter 8000, loss: 0.874585
 >> iter 9000, loss: 0.339584
 >> iter 10000, loss: 0.137171
   Number of active neurons: 15
 >> iter 11000, loss: 0.059811
 >> iter 12000, loss: 0.029364
 >> iter 13000, loss: 0.016931
 >> iter 14000, loss: 0.011370
 >> iter 15000, loss: 0.008663
 >> iter 16000, loss: 0.007088
 >> iter 17000, loss: 0.006107
 >> iter 18000, loss: 0.005371
 >> iter 19000, loss: 0.004832
 >> iter 20000, loss: 0.004372
   Number of active neurons: 15
 >> iter 21000, loss: 0.004013
 >> iter 22000, loss: 0.003688
 >> iter 23000, loss: 0.003429
 >> iter 24000, loss: 0.003185
 >> iter 25000, loss: 0.002990
 >> iter 26000, loss: 0.002801
 >> iter 27000, loss: 0.002648
 >> iter 28000, loss: 0.002496
 >> iter 29000, loss: 0.002375
 >> iter 30000, loss: 0.002250
   Number of active neurons: 15
 >> iter 31000, loss: 0.002151
 >> iter 32000, loss: 0.002048
 >> iter 33000, loss: 0.001965
 >> iter 34000, loss: 0.001877
 >> iter 35000, loss: 0.001808
 >> iter 36000, loss: 0.001733
 >> iter 37000, loss: 0.001673
 >> iter 38000, loss: 0.001608
 >> iter 39000, loss: 0.001556
 >> iter 40000, loss: 0.001500
   Number of active neurons: 15
 >> iter 41000, loss: 0.001455
 >> iter 42000, loss: 0.001405
 >> iter 43000, loss: 0.001365
 >> iter 44000, loss: 0.001321
 >> iter 45000, loss: 0.001286
 >> iter 46000, loss: 0.001247
 >> iter 47000, loss: 0.001215
 >> iter 48000, loss: 0.001180
 >> iter 49000, loss: 0.001152
 >> iter 50000, loss: 0.001120
   Number of active neurons: 15
 >> iter 51000, loss: 0.001094
 >> iter 52000, loss: 0.001065
 >> iter 53000, loss: 0.001042
 >> iter 54000, loss: 0.001015
 ----------- DONE -----------

 > Ejecucion 17:
   - Train: 0.0
   - Test - Long: 0.0
   - Test - Big: 0.0
   - Test - A: 0.0
   - Test - B: 0.0
data INPUT has 50001 characters, 3 unique.
data OUTPUT has 50001 characters, 2 unique.
Función de activación: TANH
 > Entrenando...
 >> iter 0, loss: 27.455171
   Number of active neurons: 0
 >> iter 1000, loss: 15.608096
 >> iter 2000, loss: 10.559947
 >> iter 3000, loss: 8.689175
 >> iter 4000, loss: 7.958517
 >> iter 5000, loss: 7.452603
 >> iter 6000, loss: 6.432655
 >> iter 7000, loss: 2.509375
 >> iter 8000, loss: 0.953785
 >> iter 9000, loss: 0.368134
 >> iter 10000, loss: 0.147250
   Number of active neurons: 15
 >> iter 11000, loss: 0.063243
 >> iter 12000, loss: 0.030549
 >> iter 13000, loss: 0.017362
 >> iter 14000, loss: 0.011609
 >> iter 15000, loss: 0.008858
 >> iter 16000, loss: 0.007306
 >> iter 17000, loss: 0.006340
 >> iter 18000, loss: 0.005626
 >> iter 19000, loss: 0.005095
 >> iter 20000, loss: 0.004644
   Number of active neurons: 15
 >> iter 21000, loss: 0.004286
 >> iter 22000, loss: 0.003962
 >> iter 23000, loss: 0.003699
 >> iter 24000, loss: 0.003452
 >> iter 25000, loss: 0.003250
 >> iter 26000, loss: 0.003056
 >> iter 27000, loss: 0.002896
 >> iter 28000, loss: 0.002739
 >> iter 29000, loss: 0.002610
 >> iter 30000, loss: 0.002480
   Number of active neurons: 15
 >> iter 31000, loss: 0.002374
 >> iter 32000, loss: 0.002264
 >> iter 33000, loss: 0.002175
 >> iter 34000, loss: 0.002082
 >> iter 35000, loss: 0.002006
 >> iter 36000, loss: 0.001926
 >> iter 37000, loss: 0.001861
 >> iter 38000, loss: 0.001792
 >> iter 39000, loss: 0.001734
 >> iter 40000, loss: 0.001673
   Number of active neurons: 15
 >> iter 41000, loss: 0.001623
 >> iter 42000, loss: 0.001570
 >> iter 43000, loss: 0.001525
 >> iter 44000, loss: 0.001481
 >> iter 45000, loss: 0.001438
 >> iter 46000, loss: 0.001398
 >> iter 47000, loss: 0.001360
 >> iter 48000, loss: 0.001324
 >> iter 49000, loss: 0.001289
 >> iter 50000, loss: 0.001257
   Number of active neurons: 16
 >> iter 51000, loss: 0.001226
 >> iter 52000, loss: 0.001196
 >> iter 53000, loss: 0.001168
 >> iter 54000, loss: 0.001141
 >> iter 55000, loss: 0.001115
 >> iter 56000, loss: 0.001090
 >> iter 57000, loss: 0.001066
 >> iter 58000, loss: 0.001044
 >> iter 59000, loss: 0.001022
 ----------- DONE -----------

 > Ejecucion 18:
   - Train: 0.0
   - Test - Long: 0.0
   - Test - Big: 0.0
   - Test - A: 0.0
   - Test - B: 0.0
data INPUT has 50001 characters, 3 unique.
data OUTPUT has 50001 characters, 2 unique.
Función de activación: TANH
 > Entrenando...
 >> iter 0, loss: 27.455173
   Number of active neurons: 0
 >> iter 1000, loss: 15.561634
 >> iter 2000, loss: 10.515362
 >> iter 3000, loss: 8.647642
 >> iter 4000, loss: 7.920555
 >> iter 5000, loss: 7.392956
 >> iter 6000, loss: 4.802172
 >> iter 7000, loss: 1.811415
 >> iter 8000, loss: 0.686417
 >> iter 9000, loss: 0.265658
 >> iter 10000, loss: 0.107448
   Number of active neurons: 14
 >> iter 11000, loss: 0.047267
 >> iter 12000, loss: 0.023768
 >> iter 13000, loss: 0.014193
 >> iter 14000, loss: 0.009944
 >> iter 15000, loss: 0.007845
 >> iter 16000, loss: 0.006622
 >> iter 17000, loss: 0.005828
 >> iter 18000, loss: 0.005230
 >> iter 19000, loss: 0.004769
 >> iter 20000, loss: 0.004378
   Number of active neurons: 14
 >> iter 21000, loss: 0.004058
 >> iter 22000, loss: 0.003773
 >> iter 23000, loss: 0.003534
 >> iter 24000, loss: 0.003314
 >> iter 25000, loss: 0.003128
 >> iter 26000, loss: 0.002953
 >> iter 27000, loss: 0.002804
 >> iter 28000, loss: 0.002662
 >> iter 29000, loss: 0.002541
 >> iter 30000, loss: 0.002422
   Number of active neurons: 14
 >> iter 31000, loss: 0.002321
 >> iter 32000, loss: 0.002221
 >> iter 33000, loss: 0.002136
 >> iter 34000, loss: 0.002050
 >> iter 35000, loss: 0.001978
 >> iter 36000, loss: 0.001905
 >> iter 37000, loss: 0.001840
 >> iter 38000, loss: 0.001778
 >> iter 39000, loss: 0.001720
 >> iter 40000, loss: 0.001666
   Number of active neurons: 14
 >> iter 41000, loss: 0.001615
 >> iter 42000, loss: 0.001567
 >> iter 43000, loss: 0.001522
 >> iter 44000, loss: 0.001479
 >> iter 45000, loss: 0.001438
 >> iter 46000, loss: 0.001401
 >> iter 47000, loss: 0.001363
 >> iter 48000, loss: 0.001329
 >> iter 49000, loss: 0.001295
 >> iter 50000, loss: 0.001264
   Number of active neurons: 14
 >> iter 51000, loss: 0.001234
 >> iter 52000, loss: 0.001205
 >> iter 53000, loss: 0.001178
 >> iter 54000, loss: 0.001152
 >> iter 55000, loss: 0.001126
 >> iter 56000, loss: 0.001103
 >> iter 57000, loss: 0.001079
 >> iter 58000, loss: 0.001058
 >> iter 59000, loss: 0.001036
 >> iter 60000, loss: 0.001016
   Number of active neurons: 14
 ----------- DONE -----------

 > Ejecucion 19:
   - Train: 0.0
   - Test - Long: 0.0
   - Test - Big: 0.0
   - Test - A: 0.0
   - Test - B: 0.0

 > Terminadas 20 ejecuciones...

---------------------------------------- TERMINADO OK ----------------------------------------

